{
"C:\\Users\\Darin-PC\\Desktop\\TeamProject\\Teamwork\\Keep Summer\\server\\config\\app.js":{"path":"C:\\Users\\Darin-PC\\Desktop\\TeamProject\\Teamwork\\Keep Summer\\server\\config\\app.js","s":{"1":1,"2":1,"3":1,"4":1,"5":1,"6":1,"7":7,"8":7,"9":7,"10":7,"11":7,"12":7,"13":7,"14":7,"15":7,"16":7,"17":7,"18":7,"19":7,"20":7,"21":7,"22":1,"23":1,"24":7,"25":1},"b":{},"f":{},"fnMap":{},"statementMap":{"1":{"start":{"line":4,"column":0},"end":{"line":4,"column":29}},"2":{"start":{"line":6,"column":0},"end":{"line":6,"column":35}},"3":{"start":{"line":7,"column":0},"end":{"line":7,"column":33}},"4":{"start":{"line":8,"column":0},"end":{"line":8,"column":42}},"5":{"start":{"line":9,"column":0},"end":{"line":9,"column":41}},"6":{"start":{"line":11,"column":0},"end":{"line":42,"column":2}},"7":{"start":{"line":12,"column":4},"end":{"line":12,"column":26}},"8":{"start":{"line":14,"column":4},"end":{"line":14,"column":34}},"9":{"start":{"line":16,"column":4},"end":{"line":16,"column":32}},"10":{"start":{"line":17,"column":4},"end":{"line":17,"column":31}},"11":{"start":{"line":18,"column":4},"end":{"line":20,"column":8}},"12":{"start":{"line":22,"column":4},"end":{"line":22,"column":81}},"13":{"start":{"line":23,"column":4},"end":{"line":23,"column":81}},"14":{"start":{"line":24,"column":4},"end":{"line":24,"column":77}},"15":{"start":{"line":26,"column":4},"end":{"line":26,"column":38}},"16":{"start":{"line":28,"column":4},"end":{"line":28,"column":40}},"17":{"start":{"line":29,"column":4},"end":{"line":32,"column":7}},"18":{"start":{"line":30,"column":8},"end":{"line":30,"column":68}},"19":{"start":{"line":31,"column":8},"end":{"line":31,"column":15}},"20":{"start":{"line":34,"column":4},"end":{"line":34,"column":44}},"21":{"start":{"line":36,"column":4},"end":{"line":39,"column":7}},"22":{"start":{"line":37,"column":8},"end":{"line":37,"column":24}},"23":{"start":{"line":38,"column":8},"end":{"line":38,"column":39}},"24":{"start":{"line":41,"column":4},"end":{"line":41,"column":32}},"25":{"start":{"line":44,"column":0},"end":{"line":44,"column":26}}},"branchMap":{},"l":{"4":1,"6":1,"7":1,"8":1,"9":1,"11":1,"12":7,"14":7,"16":7,"17":7,"18":7,"22":7,"23":7,"24":7,"26":7,"28":7,"29":7,"30":7,"31":7,"34":7,"36":7,"37":1,"38":1,"41":7,"44":1}},
"C:\\Users\\Darin-PC\\Desktop\\TeamProject\\Teamwork\\Keep Summer\\server\\config\\index.js":{"path":"C:\\Users\\Darin-PC\\Desktop\\TeamProject\\Teamwork\\Keep Summer\\server\\config\\index.js","s":{"1":1},"b":{},"f":{},"fnMap":{},"statementMap":{"1":{"start":{"line":1,"column":0},"end":{"line":1,"column":34}}},"branchMap":{},"l":{"1":1}},
"C:\\Users\\Darin-PC\\Desktop\\TeamProject\\Teamwork\\Keep Summer\\server\\config\\auth\\auth.js":{"path":"C:\\Users\\Darin-PC\\Desktop\\TeamProject\\Teamwork\\Keep Summer\\server\\config\\auth\\auth.js","s":{"1":1,"2":1,"3":1,"4":1,"5":1,"6":1,"7":1,"8":1,"9":1,"10":7,"11":0,"12":0,"13":0,"14":0,"15":0,"16":0,"17":0,"18":0,"19":0,"20":7,"21":7,"22":7,"23":7,"24":7,"25":7,"26":0,"27":7,"28":0,"29":0,"30":7,"31":7,"32":7,"33":1},"b":{"1":[0,0],"2":[0,0],"3":[0,0]},"f":{},"fnMap":{},"statementMap":{"1":{"start":{"line":1,"column":0},"end":{"line":1,"column":37}},"2":{"start":{"line":2,"column":0},"end":{"line":2,"column":46}},"3":{"start":{"line":3,"column":0},"end":{"line":3,"column":42}},"4":{"start":{"line":4,"column":0},"end":{"line":4,"column":43}},"5":{"start":{"line":5,"column":0},"end":{"line":5,"column":53}},"6":{"start":{"line":6,"column":0},"end":{"line":6,"column":48}},"7":{"start":{"line":7,"column":0},"end":{"line":7,"column":57}},"8":{"start":{"line":9,"column":0},"end":{"line":9,"column":47}},"9":{"start":{"line":11,"column":0},"end":{"line":75,"column":2}},"10":{"start":{"line":13,"column":4},"end":{"line":38,"column":8}},"11":{"start":{"line":18,"column":8},"end":{"line":37,"column":15}},"12":{"start":{"line":20,"column":16},"end":{"line":22,"column":17}},"13":{"start":{"line":21,"column":20},"end":{"line":21,"column":76}},"14":{"start":{"line":24,"column":16},"end":{"line":27,"column":21}},"15":{"start":{"line":25,"column":24},"end":{"line":26,"column":75}},"16":{"start":{"line":29,"column":16},"end":{"line":30,"column":61}},"17":{"start":{"line":32,"column":16},"end":{"line":35,"column":17}},"18":{"start":{"line":33,"column":20},"end":{"line":34,"column":72}},"19":{"start":{"line":36,"column":16},"end":{"line":36,"column":40}},"20":{"start":{"line":40,"column":4},"end":{"line":40,"column":28}},"21":{"start":{"line":41,"column":4},"end":{"line":43,"column":8}},"22":{"start":{"line":44,"column":4},"end":{"line":52,"column":8}},"23":{"start":{"line":53,"column":4},"end":{"line":53,"column":35}},"24":{"start":{"line":54,"column":4},"end":{"line":54,"column":32}},"25":{"start":{"line":56,"column":4},"end":{"line":58,"column":7}},"26":{"start":{"line":57,"column":8},"end":{"line":57,"column":29}},"27":{"start":{"line":60,"column":4},"end":{"line":66,"column":7}},"28":{"start":{"line":61,"column":8},"end":{"line":65,"column":21}},"29":{"start":{"line":63,"column":12},"end":{"line":63,"column":29}},"30":{"start":{"line":68,"column":4},"end":{"line":74,"column":7}},"31":{"start":{"line":69,"column":8},"end":{"line":71,"column":10}},"32":{"start":{"line":73,"column":8},"end":{"line":73,"column":15}},"33":{"start":{"line":77,"column":0},"end":{"line":77,"column":26}}},"branchMap":{"1":{"line":20,"type":"if","locations":[{"start":{"line":20,"column":16},"end":{"line":20,"column":16}},{"start":{"line":20,"column":16},"end":{"line":20,"column":16}}]},"2":{"line":24,"type":"if","locations":[{"start":{"line":24,"column":16},"end":{"line":24,"column":16}},{"start":{"line":24,"column":16},"end":{"line":24,"column":16}}]},"3":{"line":32,"type":"if","locations":[{"start":{"line":32,"column":16},"end":{"line":32,"column":16}},{"start":{"line":32,"column":16},"end":{"line":32,"column":16}}]}},"l":{"1":1,"2":1,"3":1,"4":1,"5":1,"6":1,"7":1,"9":1,"11":1,"13":7,"18":0,"20":0,"21":0,"24":0,"25":0,"29":0,"32":0,"33":0,"36":0,"40":7,"41":7,"44":7,"53":7,"54":7,"56":7,"57":0,"60":7,"61":0,"63":0,"68":7,"69":7,"73":7,"77":1}},
"C:\\Users\\Darin-PC\\Desktop\\TeamProject\\Teamwork\\Keep Summer\\server\\config\\auth\\index.js":{"path":"C:\\Users\\Darin-PC\\Desktop\\TeamProject\\Teamwork\\Keep Summer\\server\\config\\auth\\index.js","s":{"1":1},"b":{},"f":{},"fnMap":{},"statementMap":{"1":{"start":{"line":1,"column":0},"end":{"line":1,"column":35}}},"branchMap":{},"l":{"1":1}},
"C:\\Users\\Darin-PC\\Desktop\\TeamProject\\Teamwork\\Keep Summer\\server\\configurations\\configurations.js":{"path":"C:\\Users\\Darin-PC\\Desktop\\TeamProject\\Teamwork\\Keep Summer\\server\\configurations\\configurations.js","s":{"1":1,"2":1,"3":1,"4":1},"b":{"1":[1,1]},"f":{},"fnMap":{},"statementMap":{"1":{"start":{"line":4,"column":0},"end":{"line":4,"column":38}},"2":{"start":{"line":6,"column":0},"end":{"line":6,"column":33}},"3":{"start":{"line":8,"column":0},"end":{"line":8,"column":80}},"4":{"start":{"line":10,"column":0},"end":{"line":12,"column":2}}},"branchMap":{"1":{"line":4,"type":"binary-expr","locations":[{"start":{"line":4,"column":13},"end":{"line":4,"column":29}},{"start":{"line":4,"column":33},"end":{"line":4,"column":37}}]}},"l":{"4":1,"6":1,"8":1,"10":1}},
"C:\\Users\\Darin-PC\\Desktop\\TeamProject\\Teamwork\\Keep Summer\\server\\configurations\\index.js":{"path":"C:\\Users\\Darin-PC\\Desktop\\TeamProject\\Teamwork\\Keep Summer\\server\\configurations\\index.js","s":{"1":1},"b":{},"f":{},"fnMap":{},"statementMap":{"1":{"start":{"line":1,"column":0},"end":{"line":1,"column":45}}},"branchMap":{},"l":{"1":1}},
"C:\\Users\\Darin-PC\\Desktop\\TeamProject\\Teamwork\\Keep Summer\\server\\controllers\\auth-controller.js":{"path":"C:\\Users\\Darin-PC\\Desktop\\TeamProject\\Teamwork\\Keep Summer\\server\\controllers\\auth-controller.js","s":{"1":1,"2":1,"3":1,"4":7,"5":0,"6":0,"7":0,"8":0,"9":0,"10":0,"11":0,"12":0,"13":0,"14":0,"15":0,"16":0,"17":0,"18":0,"19":0,"20":0,"21":0,"22":0,"23":0,"24":0,"25":0,"26":0,"27":0},"b":{"1":[0,0],"2":[0,0],"3":[0,0],"4":[0,0],"5":[0,0],"6":[0,0]},"f":{"1":7,"2":0,"3":0,"4":0},"fnMap":{"1":{"name":"(anonymous_1)","line":6,"loc":{"start":{"line":6,"column":17},"end":{"line":6,"column":32}}},"2":{"name":"(anonymous_2)","line":8,"loc":{"start":{"line":8,"column":20},"end":{"line":8,"column":31}}},"3":{"name":"(anonymous_3)","line":11,"loc":{"start":{"line":11,"column":23},"end":{"line":11,"column":34}}},"4":{"name":"(anonymous_4)","line":14,"loc":{"start":{"line":14,"column":14},"end":{"line":14,"column":25}}}},"statementMap":{"1":{"start":{"line":3,"column":0},"end":{"line":3,"column":33}},"2":{"start":{"line":4,"column":0},"end":{"line":4,"column":54}},"3":{"start":{"line":6,"column":0},"end":{"line":74,"column":2}},"4":{"start":{"line":7,"column":4},"end":{"line":73,"column":6}},"5":{"start":{"line":9,"column":12},"end":{"line":9,"column":51}},"6":{"start":{"line":12,"column":12},"end":{"line":12,"column":53}},"7":{"start":{"line":15,"column":12},"end":{"line":15,"column":51}},"8":{"start":{"line":16,"column":12},"end":{"line":17,"column":65}},"9":{"start":{"line":18,"column":12},"end":{"line":28,"column":14}},"10":{"start":{"line":30,"column":12},"end":{"line":71,"column":19}},"11":{"start":{"line":32,"column":20},"end":{"line":34,"column":21}},"12":{"start":{"line":33,"column":24},"end":{"line":33,"column":69}},"13":{"start":{"line":36,"column":20},"end":{"line":36,"column":62}},"14":{"start":{"line":37,"column":20},"end":{"line":42,"column":21}},"15":{"start":{"line":39,"column":24},"end":{"line":41,"column":57}},"16":{"start":{"line":44,"column":20},"end":{"line":44,"column":76}},"17":{"start":{"line":45,"column":20},"end":{"line":48,"column":21}},"18":{"start":{"line":46,"column":27},"end":{"line":47,"column":56}},"19":{"start":{"line":50,"column":20},"end":{"line":51,"column":78}},"20":{"start":{"line":52,"column":20},"end":{"line":56,"column":21}},"21":{"start":{"line":53,"column":24},"end":{"line":55,"column":61}},"22":{"start":{"line":58,"column":20},"end":{"line":61,"column":21}},"23":{"start":{"line":59,"column":24},"end":{"line":60,"column":70}},"24":{"start":{"line":63,"column":20},"end":{"line":63,"column":51}},"25":{"start":{"line":66,"column":20},"end":{"line":66,"column":50}},"26":{"start":{"line":69,"column":20},"end":{"line":69,"column":44}},"27":{"start":{"line":70,"column":20},"end":{"line":70,"column":53}}},"branchMap":{"1":{"line":32,"type":"if","locations":[{"start":{"line":32,"column":20},"end":{"line":32,"column":20}},{"start":{"line":32,"column":20},"end":{"line":32,"column":20}}]},"2":{"line":37,"type":"if","locations":[{"start":{"line":37,"column":20},"end":{"line":37,"column":20}},{"start":{"line":37,"column":20},"end":{"line":37,"column":20}}]},"3":{"line":37,"type":"binary-expr","locations":[{"start":{"line":37,"column":24},"end":{"line":37,"column":61}},{"start":{"line":38,"column":25},"end":{"line":38,"column":61}}]},"4":{"line":45,"type":"if","locations":[{"start":{"line":45,"column":20},"end":{"line":45,"column":20}},{"start":{"line":45,"column":20},"end":{"line":45,"column":20}}]},"5":{"line":52,"type":"if","locations":[{"start":{"line":52,"column":20},"end":{"line":52,"column":20}},{"start":{"line":52,"column":20},"end":{"line":52,"column":20}}]},"6":{"line":58,"type":"if","locations":[{"start":{"line":58,"column":20},"end":{"line":58,"column":20}},{"start":{"line":58,"column":20},"end":{"line":58,"column":20}}]}},"l":{"3":1,"4":1,"6":1,"7":7,"9":0,"12":0,"15":0,"16":0,"18":0,"30":0,"32":0,"33":0,"36":0,"37":0,"39":0,"44":0,"45":0,"46":0,"50":0,"52":0,"53":0,"58":0,"59":0,"63":0,"66":0,"69":0,"70":0}},
"C:\\Users\\Darin-PC\\Desktop\\TeamProject\\Teamwork\\Keep Summer\\server\\controllers\\destination-controller.js":{"path":"C:\\Users\\Darin-PC\\Desktop\\TeamProject\\Teamwork\\Keep Summer\\server\\controllers\\destination-controller.js","s":{"1":0,"2":0,"3":0,"4":0,"5":0,"6":0,"7":0,"8":0,"9":0},"b":{"1":[0,0]},"f":{"1":0,"2":0,"3":0},"fnMap":{"1":{"name":"(anonymous_1)","line":1,"loc":{"start":{"line":1,"column":17},"end":{"line":1,"column":32}}},"2":{"name":"(anonymous_2)","line":3,"loc":{"start":{"line":3,"column":14},"end":{"line":3,"column":25}}},"3":{"name":"(anonymous_3)","line":12,"loc":{"start":{"line":12,"column":15},"end":{"line":12,"column":26}}}},"statementMap":{"1":{"start":{"line":1,"column":0},"end":{"line":26,"column":2}},"2":{"start":{"line":2,"column":4},"end":{"line":25,"column":6}},"3":{"start":{"line":4,"column":12},"end":{"line":10,"column":19}},"4":{"start":{"line":6,"column":20},"end":{"line":9,"column":27}},"5":{"start":{"line":13,"column":12},"end":{"line":13,"column":37}},"6":{"start":{"line":15,"column":12},"end":{"line":23,"column":19}},"7":{"start":{"line":17,"column":20},"end":{"line":19,"column":21}},"8":{"start":{"line":18,"column":24},"end":{"line":18,"column":62}},"9":{"start":{"line":20,"column":20},"end":{"line":22,"column":23}}},"branchMap":{"1":{"line":17,"type":"if","locations":[{"start":{"line":17,"column":20},"end":{"line":17,"column":20}},{"start":{"line":17,"column":20},"end":{"line":17,"column":20}}]}},"l":{"1":0,"2":0,"4":0,"6":0,"13":0,"15":0,"17":0,"18":0,"20":0}},
"C:\\Users\\Darin-PC\\Desktop\\TeamProject\\Teamwork\\Keep Summer\\server\\controllers\\guide-controller.js":{"path":"C:\\Users\\Darin-PC\\Desktop\\TeamProject\\Teamwork\\Keep Summer\\server\\controllers\\guide-controller.js","s":{"1":0,"2":0,"3":0,"4":0,"5":0,"6":0,"7":0,"8":0,"9":0},"b":{"1":[0,0]},"f":{"1":0,"2":0,"3":0},"fnMap":{"1":{"name":"(anonymous_1)","line":1,"loc":{"start":{"line":1,"column":17},"end":{"line":1,"column":32}}},"2":{"name":"(anonymous_2)","line":3,"loc":{"start":{"line":3,"column":14},"end":{"line":3,"column":25}}},"3":{"name":"(anonymous_3)","line":12,"loc":{"start":{"line":12,"column":15},"end":{"line":12,"column":26}}}},"statementMap":{"1":{"start":{"line":1,"column":0},"end":{"line":26,"column":2}},"2":{"start":{"line":2,"column":4},"end":{"line":25,"column":6}},"3":{"start":{"line":4,"column":12},"end":{"line":10,"column":19}},"4":{"start":{"line":6,"column":20},"end":{"line":9,"column":27}},"5":{"start":{"line":13,"column":12},"end":{"line":13,"column":37}},"6":{"start":{"line":15,"column":12},"end":{"line":23,"column":19}},"7":{"start":{"line":17,"column":20},"end":{"line":19,"column":21}},"8":{"start":{"line":18,"column":24},"end":{"line":18,"column":62}},"9":{"start":{"line":20,"column":20},"end":{"line":22,"column":23}}},"branchMap":{"1":{"line":17,"type":"if","locations":[{"start":{"line":17,"column":20},"end":{"line":17,"column":20}},{"start":{"line":17,"column":20},"end":{"line":17,"column":20}}]}},"l":{"1":0,"2":0,"4":0,"6":0,"13":0,"15":0,"17":0,"18":0,"20":0}},
"C:\\Users\\Darin-PC\\Desktop\\TeamProject\\Teamwork\\Keep Summer\\server\\controllers\\home-controller.js":{"path":"C:\\Users\\Darin-PC\\Desktop\\TeamProject\\Teamwork\\Keep Summer\\server\\controllers\\home-controller.js","s":{"1":1,"2":7,"3":2,"4":1},"b":{},"f":{"1":7,"2":2,"3":1},"fnMap":{"1":{"name":"(anonymous_1)","line":1,"loc":{"start":{"line":1,"column":17},"end":{"line":1,"column":32}}},"2":{"name":"(anonymous_2)","line":3,"loc":{"start":{"line":3,"column":19},"end":{"line":3,"column":30}}},"3":{"name":"(anonymous_3)","line":6,"loc":{"start":{"line":6,"column":22},"end":{"line":6,"column":33}}}},"statementMap":{"1":{"start":{"line":1,"column":0},"end":{"line":10,"column":2}},"2":{"start":{"line":2,"column":4},"end":{"line":9,"column":6}},"3":{"start":{"line":4,"column":12},"end":{"line":4,"column":43}},"4":{"start":{"line":7,"column":12},"end":{"line":7,"column":52}}},"branchMap":{},"l":{"1":1,"2":7,"4":2,"7":1}},
"C:\\Users\\Darin-PC\\Desktop\\TeamProject\\Teamwork\\Keep Summer\\server\\controllers\\publications-controller.js":{"path":"C:\\Users\\Darin-PC\\Desktop\\TeamProject\\Teamwork\\Keep Summer\\server\\controllers\\publications-controller.js","s":{"1":1,"2":1,"3":8,"4":2,"5":2,"6":1,"7":1,"8":0,"9":0,"10":0,"11":0,"12":0,"13":0,"14":0,"15":0,"16":0,"17":0,"18":0,"19":0,"20":0,"21":0,"22":0,"23":0,"24":0,"25":0,"26":0,"27":0,"28":0},"b":{"1":[0,0],"2":[0,0],"3":[0,0]},"f":{"1":8,"2":2,"3":1,"4":0,"5":0,"6":0},"fnMap":{"1":{"name":"(anonymous_1)","line":3,"loc":{"start":{"line":3,"column":17},"end":{"line":3,"column":32}}},"2":{"name":"(anonymous_2)","line":5,"loc":{"start":{"line":5,"column":14},"end":{"line":5,"column":25}}},"3":{"name":"(anonymous_3)","line":14,"loc":{"start":{"line":14,"column":15},"end":{"line":14,"column":26}}},"4":{"name":"(anonymous_4)","line":27,"loc":{"start":{"line":27,"column":14},"end":{"line":27,"column":25}}},"5":{"name":"(anonymous_5)","line":75,"loc":{"start":{"line":75,"column":29},"end":{"line":75,"column":40}}},"6":{"name":"(anonymous_6)","line":85,"loc":{"start":{"line":85,"column":26},"end":{"line":85,"column":37}}}},"statementMap":{"1":{"start":{"line":1,"column":0},"end":{"line":1,"column":23}},"2":{"start":{"line":3,"column":0},"end":{"line":89,"column":2}},"3":{"start":{"line":4,"column":4},"end":{"line":88,"column":6}},"4":{"start":{"line":6,"column":12},"end":{"line":12,"column":19}},"5":{"start":{"line":8,"column":20},"end":{"line":11,"column":27}},"6":{"start":{"line":15,"column":12},"end":{"line":15,"column":37}},"7":{"start":{"line":17,"column":12},"end":{"line":25,"column":19}},"8":{"start":{"line":19,"column":20},"end":{"line":21,"column":21}},"9":{"start":{"line":20,"column":24},"end":{"line":20,"column":62}},"10":{"start":{"line":22,"column":20},"end":{"line":24,"column":23}},"11":{"start":{"line":28,"column":12},"end":{"line":28,"column":41}},"12":{"start":{"line":29,"column":12},"end":{"line":29,"column":34}},"13":{"start":{"line":31,"column":12},"end":{"line":35,"column":14}},"14":{"start":{"line":37,"column":12},"end":{"line":73,"column":19}},"15":{"start":{"line":43,"column":20},"end":{"line":43,"column":61}},"16":{"start":{"line":44,"column":20},"end":{"line":44,"column":65}},"17":{"start":{"line":45,"column":20},"end":{"line":45,"column":46}},"18":{"start":{"line":47,"column":20},"end":{"line":47,"column":76}},"19":{"start":{"line":48,"column":20},"end":{"line":52,"column":23}},"20":{"start":{"line":54,"column":20},"end":{"line":54,"column":64}},"21":{"start":{"line":55,"column":20},"end":{"line":59,"column":23}},"22":{"start":{"line":61,"column":20},"end":{"line":65,"column":23}},"23":{"start":{"line":68,"column":20},"end":{"line":68,"column":57}},"24":{"start":{"line":71,"column":20},"end":{"line":71,"column":44}},"25":{"start":{"line":72,"column":20},"end":{"line":72,"column":73}},"26":{"start":{"line":76,"column":12},"end":{"line":83,"column":19}},"27":{"start":{"line":79,"column":20},"end":{"line":82,"column":27}},"28":{"start":{"line":86,"column":12},"end":{"line":86,"column":56}}},"branchMap":{"1":{"line":19,"type":"if","locations":[{"start":{"line":19,"column":20},"end":{"line":19,"column":20}},{"start":{"line":19,"column":20},"end":{"line":19,"column":20}}]},"2":{"line":47,"type":"binary-expr","locations":[{"start":{"line":47,"column":46},"end":{"line":47,"column":69}},{"start":{"line":47,"column":73},"end":{"line":47,"column":75}}]},"3":{"line":54,"type":"binary-expr","locations":[{"start":{"line":54,"column":40},"end":{"line":54,"column":57}},{"start":{"line":54,"column":61},"end":{"line":54,"column":63}}]}},"l":{"1":1,"3":1,"4":8,"6":2,"8":2,"15":1,"17":1,"19":0,"20":0,"22":0,"28":0,"29":0,"31":0,"37":0,"43":0,"44":0,"45":0,"47":0,"48":0,"54":0,"55":0,"61":0,"68":0,"71":0,"72":0,"76":0,"79":0,"86":0}},
"C:\\Users\\Darin-PC\\Desktop\\TeamProject\\Teamwork\\Keep Summer\\server\\controllers\\publisher-controller.js":{"path":"C:\\Users\\Darin-PC\\Desktop\\TeamProject\\Teamwork\\Keep Summer\\server\\controllers\\publisher-controller.js","s":{"1":1,"2":1,"3":7,"4":0,"5":0,"6":0,"7":0,"8":0,"9":0,"10":0,"11":0,"12":0},"b":{"1":[0,0]},"f":{"1":7,"2":0,"3":0,"4":0},"fnMap":{"1":{"name":"(anonymous_1)","line":3,"loc":{"start":{"line":3,"column":17},"end":{"line":3,"column":32}}},"2":{"name":"(anonymous_2)","line":5,"loc":{"start":{"line":5,"column":14},"end":{"line":5,"column":25}}},"3":{"name":"(anonymous_3)","line":14,"loc":{"start":{"line":14,"column":15},"end":{"line":14,"column":26}}},"4":{"name":"(anonymous_4)","line":27,"loc":{"start":{"line":27,"column":32},"end":{"line":27,"column":43}}}},"statementMap":{"1":{"start":{"line":1,"column":0},"end":{"line":1,"column":29}},"2":{"start":{"line":3,"column":0},"end":{"line":38,"column":2}},"3":{"start":{"line":4,"column":4},"end":{"line":37,"column":6}},"4":{"start":{"line":6,"column":12},"end":{"line":12,"column":19}},"5":{"start":{"line":8,"column":20},"end":{"line":11,"column":27}},"6":{"start":{"line":15,"column":12},"end":{"line":15,"column":37}},"7":{"start":{"line":17,"column":12},"end":{"line":25,"column":19}},"8":{"start":{"line":19,"column":20},"end":{"line":21,"column":21}},"9":{"start":{"line":20,"column":24},"end":{"line":20,"column":62}},"10":{"start":{"line":22,"column":20},"end":{"line":24,"column":23}},"11":{"start":{"line":28,"column":12},"end":{"line":35,"column":19}},"12":{"start":{"line":31,"column":20},"end":{"line":34,"column":27}}},"branchMap":{"1":{"line":19,"type":"if","locations":[{"start":{"line":19,"column":20},"end":{"line":19,"column":20}},{"start":{"line":19,"column":20},"end":{"line":19,"column":20}}]}},"l":{"1":1,"3":1,"4":7,"6":0,"8":0,"15":0,"17":0,"19":0,"20":0,"22":0,"28":0,"31":0}},
"C:\\Users\\Darin-PC\\Desktop\\TeamProject\\Teamwork\\Keep Summer\\server\\controllers\\user-controller.js":{"path":"C:\\Users\\Darin-PC\\Desktop\\TeamProject\\Teamwork\\Keep Summer\\server\\controllers\\user-controller.js","s":{"1":1,"2":7,"3":0},"b":{},"f":{"1":7,"2":0},"fnMap":{"1":{"name":"(anonymous_1)","line":1,"loc":{"start":{"line":1,"column":17},"end":{"line":1,"column":32}}},"2":{"name":"(anonymous_2)","line":3,"loc":{"start":{"line":3,"column":22},"end":{"line":3,"column":33}}}},"statementMap":{"1":{"start":{"line":1,"column":0},"end":{"line":7,"column":2}},"2":{"start":{"line":2,"column":4},"end":{"line":6,"column":6}},"3":{"start":{"line":4,"column":12},"end":{"line":4,"column":46}}},"branchMap":{},"l":{"1":1,"2":7,"4":0}},
"C:\\Users\\Darin-PC\\Desktop\\TeamProject\\Teamwork\\Keep Summer\\server\\data\\data.js":{"path":"C:\\Users\\Darin-PC\\Desktop\\TeamProject\\Teamwork\\Keep Summer\\server\\data\\data.js","s":{"1":0,"2":0,"3":0,"4":0,"5":0,"6":0,"7":0,"8":0},"b":{},"f":{},"fnMap":{},"statementMap":{"1":{"start":{"line":1,"column":0},"end":{"line":1,"column":50}},"2":{"start":{"line":2,"column":0},"end":{"line":2,"column":46}},"3":{"start":{"line":3,"column":0},"end":{"line":3,"column":50}},"4":{"start":{"line":4,"column":0},"end":{"line":4,"column":38}},"5":{"start":{"line":5,"column":0},"end":{"line":5,"column":36}},"6":{"start":{"line":7,"column":0},"end":{"line":15,"column":2}},"7":{"start":{"line":8,"column":4},"end":{"line":14,"column":7}},"8":{"start":{"line":17,"column":0},"end":{"line":17,"column":26}}},"branchMap":{},"l":{"1":0,"2":0,"3":0,"4":0,"5":0,"7":0,"8":0,"17":0}},
"C:\\Users\\Darin-PC\\Desktop\\TeamProject\\Teamwork\\Keep Summer\\server\\data\\destination-data.js":{"path":"C:\\Users\\Darin-PC\\Desktop\\TeamProject\\Teamwork\\Keep Summer\\server\\data\\destination-data.js","s":{"1":0,"2":0,"3":0,"4":0,"5":0,"6":0,"7":0},"b":{},"f":{"1":0,"2":0},"fnMap":{"1":{"name":"(anonymous_1)","line":6,"loc":{"start":{"line":6,"column":15},"end":{"line":6,"column":20}}},"2":{"name":"(anonymous_2)","line":10,"loc":{"start":{"line":10,"column":11},"end":{"line":10,"column":16}}}},"statementMap":{"1":{"start":{"line":1,"column":0},"end":{"line":1,"column":45}},"2":{"start":{"line":2,"column":0},"end":{"line":2,"column":49}},"3":{"start":{"line":3,"column":0},"end":{"line":3,"column":64}},"4":{"start":{"line":7,"column":8},"end":{"line":7,"column":54}},"5":{"start":{"line":11,"column":8},"end":{"line":11,"column":74}},"6":{"start":{"line":13,"column":8},"end":{"line":13,"column":22}},"7":{"start":{"line":17,"column":0},"end":{"line":17,"column":33}}},"branchMap":{},"l":{"1":0,"2":0,"3":0,"7":0,"11":0,"13":0,"17":0}},
"C:\\Users\\Darin-PC\\Desktop\\TeamProject\\Teamwork\\Keep Summer\\server\\data\\guide-data.js":{"path":"C:\\Users\\Darin-PC\\Desktop\\TeamProject\\Teamwork\\Keep Summer\\server\\data\\guide-data.js","s":{"1":0,"2":0,"3":0,"4":0,"5":0,"6":0,"7":0},"b":{},"f":{"1":0,"2":0},"fnMap":{"1":{"name":"(anonymous_1)","line":6,"loc":{"start":{"line":6,"column":15},"end":{"line":6,"column":20}}},"2":{"name":"(anonymous_2)","line":10,"loc":{"start":{"line":10,"column":11},"end":{"line":10,"column":16}}}},"statementMap":{"1":{"start":{"line":1,"column":0},"end":{"line":1,"column":45}},"2":{"start":{"line":2,"column":0},"end":{"line":2,"column":49}},"3":{"start":{"line":3,"column":0},"end":{"line":3,"column":53}},"4":{"start":{"line":7,"column":8},"end":{"line":7,"column":42}},"5":{"start":{"line":11,"column":8},"end":{"line":11,"column":74}},"6":{"start":{"line":13,"column":8},"end":{"line":13,"column":22}},"7":{"start":{"line":17,"column":0},"end":{"line":17,"column":27}}},"branchMap":{},"l":{"1":0,"2":0,"3":0,"7":0,"11":0,"13":0,"17":0}},
"C:\\Users\\Darin-PC\\Desktop\\TeamProject\\Teamwork\\Keep Summer\\server\\data\\index.js":{"path":"C:\\Users\\Darin-PC\\Desktop\\TeamProject\\Teamwork\\Keep Summer\\server\\data\\index.js","s":{"1":0},"b":{},"f":{},"fnMap":{},"statementMap":{"1":{"start":{"line":1,"column":0},"end":{"line":1,"column":35}}},"branchMap":{},"l":{"1":0}},
"C:\\Users\\Darin-PC\\Desktop\\TeamProject\\Teamwork\\Keep Summer\\server\\data\\publication-data.js":{"path":"C:\\Users\\Darin-PC\\Desktop\\TeamProject\\Teamwork\\Keep Summer\\server\\data\\publication-data.js","s":{"1":0,"2":0,"3":0,"4":0,"5":0,"6":0,"7":0,"8":0,"9":0},"b":{},"f":{"1":0,"2":0,"3":0},"fnMap":{"1":{"name":"(anonymous_1)","line":6,"loc":{"start":{"line":6,"column":15},"end":{"line":6,"column":20}}},"2":{"name":"(anonymous_2)","line":10,"loc":{"start":{"line":10,"column":11},"end":{"line":10,"column":16}}},"3":{"name":"(anonymous_3)","line":16,"loc":{"start":{"line":16,"column":13},"end":{"line":16,"column":21}}}},"statementMap":{"1":{"start":{"line":1,"column":0},"end":{"line":1,"column":49}},"2":{"start":{"line":2,"column":0},"end":{"line":2,"column":45}},"3":{"start":{"line":3,"column":0},"end":{"line":3,"column":64}},"4":{"start":{"line":7,"column":8},"end":{"line":7,"column":54}},"5":{"start":{"line":11,"column":8},"end":{"line":11,"column":74}},"6":{"start":{"line":13,"column":8},"end":{"line":13,"column":22}},"7":{"start":{"line":17,"column":8},"end":{"line":21,"column":19}},"8":{"start":{"line":22,"column":8},"end":{"line":22,"column":22}},"9":{"start":{"line":26,"column":0},"end":{"line":26,"column":33}}},"branchMap":{},"l":{"1":0,"2":0,"3":0,"7":0,"11":0,"13":0,"17":0,"22":0,"26":0}},
"C:\\Users\\Darin-PC\\Desktop\\TeamProject\\Teamwork\\Keep Summer\\server\\data\\publisher-data.js":{"path":"C:\\Users\\Darin-PC\\Desktop\\TeamProject\\Teamwork\\Keep Summer\\server\\data\\publisher-data.js","s":{"1":0,"2":0,"3":0,"4":0,"5":0,"6":0,"7":0,"8":0,"9":0},"b":{},"f":{"1":0,"2":0,"3":0},"fnMap":{"1":{"name":"(anonymous_1)","line":6,"loc":{"start":{"line":6,"column":15},"end":{"line":6,"column":20}}},"2":{"name":"(anonymous_2)","line":10,"loc":{"start":{"line":10,"column":11},"end":{"line":10,"column":16}}},"3":{"name":"(anonymous_3)","line":17,"loc":{"start":{"line":17,"column":28},"end":{"line":17,"column":36}}}},"statementMap":{"1":{"start":{"line":1,"column":0},"end":{"line":1,"column":45}},"2":{"start":{"line":2,"column":0},"end":{"line":2,"column":49}},"3":{"start":{"line":3,"column":0},"end":{"line":3,"column":60}},"4":{"start":{"line":7,"column":8},"end":{"line":7,"column":50}},"5":{"start":{"line":11,"column":8},"end":{"line":11,"column":74}},"6":{"start":{"line":13,"column":8},"end":{"line":13,"column":22}},"7":{"start":{"line":18,"column":8},"end":{"line":23,"column":19}},"8":{"start":{"line":24,"column":8},"end":{"line":24,"column":22}},"9":{"start":{"line":28,"column":0},"end":{"line":28,"column":31}}},"branchMap":{},"l":{"1":0,"2":0,"3":0,"7":0,"11":0,"13":0,"18":0,"24":0,"28":0}},
"C:\\Users\\Darin-PC\\Desktop\\TeamProject\\Teamwork\\Keep Summer\\server\\data\\user-data.js":{"path":"C:\\Users\\Darin-PC\\Desktop\\TeamProject\\Teamwork\\Keep Summer\\server\\data\\user-data.js","s":{"1":0,"2":0,"3":0,"4":0,"5":0,"6":0,"7":0,"8":0,"9":0},"b":{},"f":{"1":0,"2":0,"3":0},"fnMap":{"1":{"name":"(anonymous_1)","line":6,"loc":{"start":{"line":6,"column":15},"end":{"line":6,"column":20}}},"2":{"name":"(anonymous_2)","line":10,"loc":{"start":{"line":10,"column":18},"end":{"line":10,"column":29}}},"3":{"name":"(anonymous_3)","line":18,"loc":{"start":{"line":18,"column":12},"end":{"line":18,"column":17}}}},"statementMap":{"1":{"start":{"line":1,"column":0},"end":{"line":1,"column":49}},"2":{"start":{"line":2,"column":0},"end":{"line":2,"column":45}},"3":{"start":{"line":3,"column":0},"end":{"line":3,"column":50}},"4":{"start":{"line":7,"column":8},"end":{"line":7,"column":40}},"5":{"start":{"line":11,"column":8},"end":{"line":13,"column":11}},"6":{"start":{"line":15,"column":8},"end":{"line":15,"column":22}},"7":{"start":{"line":19,"column":8},"end":{"line":21,"column":11}},"8":{"start":{"line":23,"column":8},"end":{"line":23,"column":22}},"9":{"start":{"line":45,"column":0},"end":{"line":45,"column":27}}},"branchMap":{},"l":{"1":0,"2":0,"3":0,"7":0,"11":0,"15":0,"19":0,"23":0,"45":0}},
"C:\\Users\\Darin-PC\\Desktop\\TeamProject\\Teamwork\\Keep Summer\\server\\data\\base\\base-data.js":{"path":"C:\\Users\\Darin-PC\\Desktop\\TeamProject\\Teamwork\\Keep Summer\\server\\data\\base\\base-data.js","s":{"1":2,"2":2,"3":2,"4":2,"5":2,"6":2,"7":2,"8":1,"9":4,"10":1,"11":0,"12":0,"13":0,"14":0,"15":0,"16":0,"17":0,"18":0,"19":0,"20":0,"21":0,"22":0,"23":0,"24":0,"25":0,"26":2,"27":1},"b":{"1":[1,1],"2":[0,0],"3":[0,0],"4":[0,0],"5":[0,0]},"f":{"1":2,"2":2,"3":0,"4":0,"5":0,"6":0,"7":0,"8":2},"fnMap":{"1":{"name":"(anonymous_1)","line":2,"loc":{"start":{"line":2,"column":15},"end":{"line":2,"column":43}}},"2":{"name":"(anonymous_2)","line":10,"loc":{"start":{"line":10,"column":10},"end":{"line":10,"column":13}}},"3":{"name":"(anonymous_3)","line":22,"loc":{"start":{"line":22,"column":12},"end":{"line":22,"column":20}}},"4":{"name":"(anonymous_4)","line":26,"loc":{"start":{"line":26,"column":10},"end":{"line":26,"column":18}}},"5":{"name":"(anonymous_5)","line":37,"loc":{"start":{"line":37,"column":18},"end":{"line":37,"column":26}}},"6":{"name":"(anonymous_6)","line":52,"loc":{"start":{"line":52,"column":14},"end":{"line":52,"column":22}}},"7":{"name":"(anonymous_7)","line":58,"loc":{"start":{"line":58,"column":17},"end":{"line":58,"column":25}}},"8":{"name":"(anonymous_8)","line":67,"loc":{"start":{"line":67,"column":22},"end":{"line":67,"column":25}}}},"statementMap":{"1":{"start":{"line":3,"column":8},"end":{"line":3,"column":21}},"2":{"start":{"line":4,"column":8},"end":{"line":4,"column":37}},"3":{"start":{"line":5,"column":8},"end":{"line":5,"column":35}},"4":{"start":{"line":6,"column":8},"end":{"line":6,"column":56}},"5":{"start":{"line":7,"column":8},"end":{"line":7,"column":66}},"6":{"start":{"line":11,"column":8},"end":{"line":19,"column":15}},"7":{"start":{"line":14,"column":16},"end":{"line":17,"column":17}},"8":{"start":{"line":15,"column":24},"end":{"line":16,"column":68}},"9":{"start":{"line":16,"column":32},"end":{"line":16,"column":66}},"10":{"start":{"line":18,"column":16},"end":{"line":18,"column":30}},"11":{"start":{"line":23,"column":8},"end":{"line":23,"column":53}},"12":{"start":{"line":27,"column":8},"end":{"line":29,"column":9}},"13":{"start":{"line":28,"column":12},"end":{"line":28,"column":53}},"14":{"start":{"line":31,"column":8},"end":{"line":34,"column":15}},"15":{"start":{"line":33,"column":16},"end":{"line":33,"column":29}},"16":{"start":{"line":38,"column":8},"end":{"line":49,"column":15}},"17":{"start":{"line":40,"column":16},"end":{"line":46,"column":17}},"18":{"start":{"line":41,"column":20},"end":{"line":41,"column":31}},"19":{"start":{"line":42,"column":20},"end":{"line":45,"column":27}},"20":{"start":{"line":44,"column":28},"end":{"line":44,"column":41}},"21":{"start":{"line":48,"column":16},"end":{"line":48,"column":29}},"22":{"start":{"line":53,"column":8},"end":{"line":55,"column":18}},"23":{"start":{"line":59,"column":8},"end":{"line":62,"column":9}},"24":{"start":{"line":61,"column":12},"end":{"line":61,"column":24}},"25":{"start":{"line":64,"column":8},"end":{"line":64,"column":45}},"26":{"start":{"line":68,"column":8},"end":{"line":68,"column":56}},"27":{"start":{"line":72,"column":0},"end":{"line":72,"column":26}}},"branchMap":{"1":{"line":14,"type":"if","locations":[{"start":{"line":14,"column":16},"end":{"line":14,"column":16}},{"start":{"line":14,"column":16},"end":{"line":14,"column":16}}]},"2":{"line":27,"type":"if","locations":[{"start":{"line":27,"column":8},"end":{"line":27,"column":8}},{"start":{"line":27,"column":8},"end":{"line":27,"column":8}}]},"3":{"line":40,"type":"if","locations":[{"start":{"line":40,"column":16},"end":{"line":40,"column":16}},{"start":{"line":40,"column":16},"end":{"line":40,"column":16}}]},"4":{"line":59,"type":"if","locations":[{"start":{"line":59,"column":8},"end":{"line":59,"column":8}},{"start":{"line":59,"column":8},"end":{"line":59,"column":8}}]},"5":{"line":59,"type":"binary-expr","locations":[{"start":{"line":59,"column":12},"end":{"line":59,"column":49}},{"start":{"line":60,"column":12},"end":{"line":60,"column":56}}]}},"l":{"3":2,"4":2,"5":2,"6":2,"7":2,"11":2,"14":2,"15":1,"16":4,"18":1,"23":0,"27":0,"28":0,"31":0,"33":0,"38":0,"40":0,"41":0,"42":0,"44":0,"48":0,"53":0,"59":0,"61":0,"64":0,"68":2,"72":1}},
"C:\\Users\\Darin-PC\\Desktop\\TeamProject\\Teamwork\\Keep Summer\\server\\db\\db.js":{"path":"C:\\Users\\Darin-PC\\Desktop\\TeamProject\\Teamwork\\Keep Summer\\server\\db\\db.js","s":{"1":0,"2":0,"3":0,"4":0,"5":0},"b":{},"f":{},"fnMap":{},"statementMap":{"1":{"start":{"line":1,"column":0},"end":{"line":1,"column":35}},"2":{"start":{"line":2,"column":0},"end":{"line":2,"column":40}},"3":{"start":{"line":4,"column":0},"end":{"line":6,"column":2}},"4":{"start":{"line":5,"column":4},"end":{"line":5,"column":49}},"5":{"start":{"line":8,"column":0},"end":{"line":8,"column":26}}},"branchMap":{},"l":{"1":0,"2":0,"4":0,"5":0,"8":0}},
"C:\\Users\\Darin-PC\\Desktop\\TeamProject\\Teamwork\\Keep Summer\\server\\db\\index.js":{"path":"C:\\Users\\Darin-PC\\Desktop\\TeamProject\\Teamwork\\Keep Summer\\server\\db\\index.js","s":{"1":0},"b":{},"f":{},"fnMap":{},"statementMap":{"1":{"start":{"line":1,"column":0},"end":{"line":1,"column":34}}},"branchMap":{},"l":{"1":0}},
"C:\\Users\\Darin-PC\\Desktop\\TeamProject\\Teamwork\\Keep Summer\\server\\models\\destination-model.js":{"path":"C:\\Users\\Darin-PC\\Desktop\\TeamProject\\Teamwork\\Keep Summer\\server\\models\\destination-model.js","s":{"1":0,"2":0,"3":0,"4":0,"5":0,"6":0,"7":0},"b":{},"f":{"1":0,"2":0,"3":0},"fnMap":{"1":{"name":"(anonymous_1)","line":2,"loc":{"start":{"line":2,"column":18},"end":{"line":2,"column":26}}},"2":{"name":"(anonymous_2)","line":6,"loc":{"start":{"line":6,"column":22},"end":{"line":6,"column":30}}},"3":{"name":"(anonymous_3)","line":17,"loc":{"start":{"line":17,"column":11},"end":{"line":17,"column":14}}}},"statementMap":{"1":{"start":{"line":3,"column":8},"end":{"line":3,"column":44}},"2":{"start":{"line":7,"column":8},"end":{"line":7,"column":44}},"3":{"start":{"line":9,"column":8},"end":{"line":12,"column":15}},"4":{"start":{"line":11,"column":16},"end":{"line":11,"column":46}},"5":{"start":{"line":14,"column":8},"end":{"line":14,"column":25}},"6":{"start":{"line":18,"column":8},"end":{"line":18,"column":24}},"7":{"start":{"line":22,"column":0},"end":{"line":22,"column":29}}},"branchMap":{},"l":{"3":0,"7":0,"9":0,"11":0,"14":0,"18":0,"22":0}},
"C:\\Users\\Darin-PC\\Desktop\\TeamProject\\Teamwork\\Keep Summer\\server\\models\\guides-model.js":{"path":"C:\\Users\\Darin-PC\\Desktop\\TeamProject\\Teamwork\\Keep Summer\\server\\models\\guides-model.js","s":{"1":0,"2":0,"3":0,"4":0,"5":0,"6":0,"7":0},"b":{"1":[0,0,0]},"f":{"1":0,"2":0,"3":0},"fnMap":{"1":{"name":"(anonymous_1)","line":2,"loc":{"start":{"line":2,"column":18},"end":{"line":2,"column":26}}},"2":{"name":"(anonymous_2)","line":8,"loc":{"start":{"line":8,"column":22},"end":{"line":8,"column":30}}},"3":{"name":"(anonymous_3)","line":19,"loc":{"start":{"line":19,"column":11},"end":{"line":19,"column":14}}}},"statementMap":{"1":{"start":{"line":3,"column":8},"end":{"line":5,"column":43}},"2":{"start":{"line":9,"column":8},"end":{"line":9,"column":38}},"3":{"start":{"line":11,"column":8},"end":{"line":14,"column":15}},"4":{"start":{"line":13,"column":16},"end":{"line":13,"column":46}},"5":{"start":{"line":16,"column":8},"end":{"line":16,"column":25}},"6":{"start":{"line":20,"column":8},"end":{"line":20,"column":24}},"7":{"start":{"line":24,"column":0},"end":{"line":24,"column":23}}},"branchMap":{"1":{"line":3,"type":"binary-expr","locations":[{"start":{"line":3,"column":15},"end":{"line":3,"column":43}},{"start":{"line":4,"column":12},"end":{"line":4,"column":43}},{"start":{"line":5,"column":12},"end":{"line":5,"column":42}}]}},"l":{"3":0,"9":0,"11":0,"13":0,"16":0,"20":0,"24":0}},
"C:\\Users\\Darin-PC\\Desktop\\TeamProject\\Teamwork\\Keep Summer\\server\\models\\publication-model.js":{"path":"C:\\Users\\Darin-PC\\Desktop\\TeamProject\\Teamwork\\Keep Summer\\server\\models\\publication-model.js","s":{"1":0,"2":0,"3":0,"4":0,"5":0,"6":0,"7":0},"b":{"1":[0,0,0,0,0,0,0,0]},"f":{"1":0,"2":0,"3":0},"fnMap":{"1":{"name":"(anonymous_1)","line":19,"loc":{"start":{"line":19,"column":18},"end":{"line":19,"column":26}}},"2":{"name":"(anonymous_2)","line":30,"loc":{"start":{"line":30,"column":22},"end":{"line":30,"column":30}}},"3":{"name":"(anonymous_3)","line":41,"loc":{"start":{"line":41,"column":11},"end":{"line":41,"column":14}}}},"statementMap":{"1":{"start":{"line":20,"column":8},"end":{"line":27,"column":44}},"2":{"start":{"line":31,"column":8},"end":{"line":31,"column":44}},"3":{"start":{"line":33,"column":8},"end":{"line":36,"column":15}},"4":{"start":{"line":35,"column":16},"end":{"line":35,"column":46}},"5":{"start":{"line":38,"column":8},"end":{"line":38,"column":25}},"6":{"start":{"line":42,"column":8},"end":{"line":42,"column":24}},"7":{"start":{"line":46,"column":0},"end":{"line":46,"column":29}}},"branchMap":{"1":{"line":20,"type":"binary-expr","locations":[{"start":{"line":20,"column":15},"end":{"line":20,"column":43}},{"start":{"line":21,"column":12},"end":{"line":21,"column":43}},{"start":{"line":22,"column":12},"end":{"line":22,"column":47}},{"start":{"line":23,"column":12},"end":{"line":23,"column":51}},{"start":{"line":24,"column":12},"end":{"line":24,"column":49}},{"start":{"line":25,"column":12},"end":{"line":25,"column":43}},{"start":{"line":26,"column":12},"end":{"line":26,"column":43}},{"start":{"line":27,"column":12},"end":{"line":27,"column":43}}]}},"l":{"20":0,"31":0,"33":0,"35":0,"38":0,"42":0,"46":0}},
"C:\\Users\\Darin-PC\\Desktop\\TeamProject\\Teamwork\\Keep Summer\\server\\models\\publisher-model.js":{"path":"C:\\Users\\Darin-PC\\Desktop\\TeamProject\\Teamwork\\Keep Summer\\server\\models\\publisher-model.js","s":{"1":0,"2":0,"3":0,"4":0,"5":0,"6":0,"7":0},"b":{"1":[0,0,0]},"f":{"1":0,"2":0,"3":0},"fnMap":{"1":{"name":"(anonymous_1)","line":2,"loc":{"start":{"line":2,"column":18},"end":{"line":2,"column":26}}},"2":{"name":"(anonymous_2)","line":8,"loc":{"start":{"line":8,"column":22},"end":{"line":8,"column":30}}},"3":{"name":"(anonymous_3)","line":19,"loc":{"start":{"line":19,"column":11},"end":{"line":19,"column":14}}}},"statementMap":{"1":{"start":{"line":3,"column":8},"end":{"line":5,"column":43}},"2":{"start":{"line":9,"column":8},"end":{"line":9,"column":42}},"3":{"start":{"line":11,"column":8},"end":{"line":14,"column":15}},"4":{"start":{"line":13,"column":16},"end":{"line":13,"column":46}},"5":{"start":{"line":16,"column":8},"end":{"line":16,"column":25}},"6":{"start":{"line":20,"column":8},"end":{"line":20,"column":24}},"7":{"start":{"line":24,"column":0},"end":{"line":24,"column":27}}},"branchMap":{"1":{"line":3,"type":"binary-expr","locations":[{"start":{"line":3,"column":15},"end":{"line":3,"column":43}},{"start":{"line":4,"column":12},"end":{"line":4,"column":42}},{"start":{"line":5,"column":12},"end":{"line":5,"column":42}}]}},"l":{"3":0,"9":0,"11":0,"13":0,"16":0,"20":0,"24":0}},
"C:\\Users\\Darin-PC\\Desktop\\TeamProject\\Teamwork\\Keep Summer\\server\\models\\user-model.js":{"path":"C:\\Users\\Darin-PC\\Desktop\\TeamProject\\Teamwork\\Keep Summer\\server\\models\\user-model.js","s":{"1":0,"2":0,"3":0,"4":0,"5":0,"6":0,"7":0},"b":{"1":[0,0,0,0,0,0,0]},"f":{"1":0,"2":0,"3":0},"fnMap":{"1":{"name":"(anonymous_1)","line":2,"loc":{"start":{"line":2,"column":18},"end":{"line":2,"column":26}}},"2":{"name":"(anonymous_2)","line":12,"loc":{"start":{"line":12,"column":22},"end":{"line":12,"column":30}}},"3":{"name":"(anonymous_3)","line":23,"loc":{"start":{"line":23,"column":11},"end":{"line":23,"column":14}}}},"statementMap":{"1":{"start":{"line":3,"column":8},"end":{"line":9,"column":47}},"2":{"start":{"line":13,"column":8},"end":{"line":13,"column":37}},"3":{"start":{"line":15,"column":8},"end":{"line":18,"column":15}},"4":{"start":{"line":17,"column":16},"end":{"line":17,"column":46}},"5":{"start":{"line":20,"column":8},"end":{"line":20,"column":25}},"6":{"start":{"line":24,"column":8},"end":{"line":24,"column":24}},"7":{"start":{"line":28,"column":0},"end":{"line":28,"column":22}}},"branchMap":{"1":{"line":3,"type":"binary-expr","locations":[{"start":{"line":3,"column":15},"end":{"line":3,"column":43}},{"start":{"line":4,"column":12},"end":{"line":4,"column":46}},{"start":{"line":5,"column":12},"end":{"line":5,"column":37}},{"start":{"line":6,"column":12},"end":{"line":6,"column":46}},{"start":{"line":7,"column":12},"end":{"line":7,"column":37}},{"start":{"line":8,"column":12},"end":{"line":8,"column":47}},{"start":{"line":9,"column":12},"end":{"line":9,"column":46}}]}},"l":{"3":0,"13":0,"15":0,"17":0,"20":0,"24":0,"28":0}},
"C:\\Users\\Darin-PC\\Desktop\\TeamProject\\Teamwork\\Keep Summer\\server\\routers\\auth-routers.js":{"path":"C:\\Users\\Darin-PC\\Desktop\\TeamProject\\Teamwork\\Keep Summer\\server\\routers\\auth-routers.js","s":{"1":1,"2":1,"3":1,"4":7,"5":7,"6":7,"7":0,"8":0,"9":0,"10":0,"11":0,"12":7},"b":{},"f":{"1":7},"fnMap":{"1":{"name":"(anonymous_1)","line":6,"loc":{"start":{"line":6,"column":17},"end":{"line":6,"column":37}}}},"statementMap":{"1":{"start":{"line":1,"column":0},"end":{"line":1,"column":37}},"2":{"start":{"line":2,"column":0},"end":{"line":2,"column":38}},"3":{"start":{"line":6,"column":0},"end":{"line":34,"column":2}},"4":{"start":{"line":7,"column":4},"end":{"line":7,"column":32}},"5":{"start":{"line":8,"column":4},"end":{"line":8,"column":70}},"6":{"start":{"line":10,"column":4},"end":{"line":31,"column":11}},"7":{"start":{"line":12,"column":12},"end":{"line":12,"column":53}},"8":{"start":{"line":23,"column":12},"end":{"line":23,"column":56}},"9":{"start":{"line":26,"column":12},"end":{"line":26,"column":47}},"10":{"start":{"line":29,"column":12},"end":{"line":29,"column":25}},"11":{"start":{"line":30,"column":12},"end":{"line":30,"column":37}},"12":{"start":{"line":33,"column":4},"end":{"line":33,"column":25}}},"branchMap":{},"l":{"1":1,"2":1,"6":1,"7":7,"8":7,"10":7,"12":0,"23":0,"26":0,"29":0,"30":0,"33":7}},
"C:\\Users\\Darin-PC\\Desktop\\TeamProject\\Teamwork\\Keep Summer\\server\\routers\\home-routers.js":{"path":"C:\\Users\\Darin-PC\\Desktop\\TeamProject\\Teamwork\\Keep Summer\\server\\routers\\home-routers.js","s":{"1":1,"2":1,"3":7,"4":7,"5":7,"6":1,"7":1,"8":1,"9":7},"b":{},"f":{"1":7},"fnMap":{"1":{"name":"(anonymous_1)","line":3,"loc":{"start":{"line":3,"column":17},"end":{"line":3,"column":37}}}},"statementMap":{"1":{"start":{"line":1,"column":0},"end":{"line":1,"column":38}},"2":{"start":{"line":3,"column":0},"end":{"line":19,"column":2}},"3":{"start":{"line":4,"column":4},"end":{"line":4,"column":32}},"4":{"start":{"line":5,"column":4},"end":{"line":5,"column":71}},"5":{"start":{"line":7,"column":4},"end":{"line":16,"column":11}},"6":{"start":{"line":9,"column":12},"end":{"line":9,"column":52}},"7":{"start":{"line":12,"column":12},"end":{"line":12,"column":52}},"8":{"start":{"line":15,"column":12},"end":{"line":15,"column":55}},"9":{"start":{"line":18,"column":4},"end":{"line":18,"column":25}}},"branchMap":{},"l":{"1":1,"3":1,"4":7,"5":7,"7":7,"9":1,"12":1,"15":1,"18":7}},
"C:\\Users\\Darin-PC\\Desktop\\TeamProject\\Teamwork\\Keep Summer\\server\\routers\\index.js":{"path":"C:\\Users\\Darin-PC\\Desktop\\TeamProject\\Teamwork\\Keep Summer\\server\\routers\\index.js","s":{"1":1},"b":{},"f":{},"fnMap":{},"statementMap":{"1":{"start":{"line":1,"column":0},"end":{"line":1,"column":38}}},"branchMap":{},"l":{"1":1}},
"C:\\Users\\Darin-PC\\Desktop\\TeamProject\\Teamwork\\Keep Summer\\server\\routers\\publications-routers.js":{"path":"C:\\Users\\Darin-PC\\Desktop\\TeamProject\\Teamwork\\Keep Summer\\server\\routers\\publications-routers.js","s":{"1":1,"2":1,"3":1,"4":7,"5":7,"6":7,"7":1,"8":0,"9":0,"10":1,"11":0,"12":7},"b":{},"f":{"1":7},"fnMap":{"1":{"name":"(anonymous_1)","line":5,"loc":{"start":{"line":5,"column":17},"end":{"line":5,"column":37}}}},"statementMap":{"1":{"start":{"line":2,"column":0},"end":{"line":2,"column":38}},"2":{"start":{"line":3,"column":0},"end":{"line":3,"column":51}},"3":{"start":{"line":5,"column":0},"end":{"line":27,"column":2}},"4":{"start":{"line":6,"column":4},"end":{"line":6,"column":32}},"5":{"start":{"line":7,"column":4},"end":{"line":7,"column":79}},"6":{"start":{"line":9,"column":4},"end":{"line":24,"column":11}},"7":{"start":{"line":11,"column":12},"end":{"line":11,"column":47}},"8":{"start":{"line":14,"column":12},"end":{"line":14,"column":59}},"9":{"start":{"line":17,"column":12},"end":{"line":17,"column":62}},"10":{"start":{"line":20,"column":12},"end":{"line":20,"column":48}},"11":{"start":{"line":23,"column":12},"end":{"line":23,"column":47}},"12":{"start":{"line":26,"column":4},"end":{"line":26,"column":37}}},"branchMap":{},"l":{"2":1,"3":1,"5":1,"6":7,"7":7,"9":7,"11":1,"14":0,"17":0,"20":1,"23":0,"26":7}},
"C:\\Users\\Darin-PC\\Desktop\\TeamProject\\Teamwork\\Keep Summer\\server\\routers\\publisher-routers.js":{"path":"C:\\Users\\Darin-PC\\Desktop\\TeamProject\\Teamwork\\Keep Summer\\server\\routers\\publisher-routers.js","s":{"1":1,"2":1,"3":7,"4":7,"5":7,"6":0,"7":0,"8":0,"9":7},"b":{},"f":{"1":7},"fnMap":{"1":{"name":"(anonymous_1)","line":3,"loc":{"start":{"line":3,"column":17},"end":{"line":3,"column":37}}}},"statementMap":{"1":{"start":{"line":1,"column":0},"end":{"line":1,"column":38}},"2":{"start":{"line":3,"column":0},"end":{"line":19,"column":2}},"3":{"start":{"line":4,"column":4},"end":{"line":4,"column":32}},"4":{"start":{"line":5,"column":4},"end":{"line":5,"column":76}},"5":{"start":{"line":7,"column":4},"end":{"line":16,"column":11}},"6":{"start":{"line":9,"column":12},"end":{"line":9,"column":47}},"7":{"start":{"line":12,"column":12},"end":{"line":12,"column":65}},"8":{"start":{"line":15,"column":12},"end":{"line":15,"column":48}},"9":{"start":{"line":18,"column":4},"end":{"line":18,"column":35}}},"branchMap":{},"l":{"1":1,"3":1,"4":7,"5":7,"7":7,"9":0,"12":0,"15":0,"18":7}},
"C:\\Users\\Darin-PC\\Desktop\\TeamProject\\Teamwork\\Keep Summer\\server\\routers\\routers.js":{"path":"C:\\Users\\Darin-PC\\Desktop\\TeamProject\\Teamwork\\Keep Summer\\server\\routers\\routers.js","s":{"1":1,"2":1,"3":1,"4":7,"5":49,"6":35,"7":35,"8":1},"b":{},"f":{},"fnMap":{},"statementMap":{"1":{"start":{"line":3,"column":0},"end":{"line":3,"column":25}},"2":{"start":{"line":4,"column":0},"end":{"line":4,"column":29}},"3":{"start":{"line":6,"column":0},"end":{"line":13,"column":2}},"4":{"start":{"line":7,"column":4},"end":{"line":12,"column":11}},"5":{"start":{"line":8,"column":26},"end":{"line":8,"column":50}},"6":{"start":{"line":10,"column":12},"end":{"line":10,"column":58}},"7":{"start":{"line":11,"column":12},"end":{"line":11,"column":43}},"8":{"start":{"line":15,"column":0},"end":{"line":15,"column":28}}},"branchMap":{},"l":{"3":1,"4":1,"6":1,"7":7,"8":49,"10":35,"11":35,"15":1}},
"C:\\Users\\Darin-PC\\Desktop\\TeamProject\\Teamwork\\Keep Summer\\server\\routers\\user-routers.js":{"path":"C:\\Users\\Darin-PC\\Desktop\\TeamProject\\Teamwork\\Keep Summer\\server\\routers\\user-routers.js","s":{"1":1,"2":1,"3":7,"4":7,"5":7,"6":0,"7":7},"b":{},"f":{"1":7},"fnMap":{"1":{"name":"(anonymous_1)","line":3,"loc":{"start":{"line":3,"column":17},"end":{"line":3,"column":37}}}},"statementMap":{"1":{"start":{"line":1,"column":0},"end":{"line":1,"column":38}},"2":{"start":{"line":3,"column":0},"end":{"line":25,"column":2}},"3":{"start":{"line":4,"column":4},"end":{"line":4,"column":32}},"4":{"start":{"line":5,"column":4},"end":{"line":5,"column":71}},"5":{"start":{"line":7,"column":4},"end":{"line":10,"column":11}},"6":{"start":{"line":9,"column":12},"end":{"line":9,"column":55}},"7":{"start":{"line":24,"column":4},"end":{"line":24,"column":29}}},"branchMap":{},"l":{"1":1,"3":1,"4":7,"5":7,"7":7,"9":0,"24":7}},
"C:\\Users\\Darin-PC\\Desktop\\TeamProject\\Teamwork\\Keep Summer\\server.js":{"path":"C:\\Users\\Darin-PC\\Desktop\\TeamProject\\Teamwork\\Keep Summer\\server.js","s":{"1":0,"2":0,"3":0,"4":0,"5":0,"6":0,"7":0,"8":0,"9":0,"10":0},"b":{},"f":{},"fnMap":{},"statementMap":{"1":{"start":{"line":3,"column":0},"end":{"line":5,"column":2}},"2":{"start":{"line":4,"column":4},"end":{"line":4,"column":29}},"3":{"start":{"line":7,"column":0},"end":{"line":7,"column":50}},"4":{"start":{"line":9,"column":0},"end":{"line":19,"column":7}},"5":{"start":{"line":10,"column":16},"end":{"line":10,"column":68}},"6":{"start":{"line":11,"column":18},"end":{"line":11,"column":51}},"7":{"start":{"line":12,"column":20},"end":{"line":12,"column":57}},"8":{"start":{"line":14,"column":8},"end":{"line":15,"column":57}},"9":{"start":{"line":15,"column":8},"end":{"line":15,"column":55}},"10":{"start":{"line":18,"column":8},"end":{"line":18,"column":25}}},"branchMap":{},"l":{"3":0,"4":0,"7":0,"9":0,"10":0,"11":0,"12":0,"14":0,"15":0,"18":0}}}
