{"C:\\Users\\Darin-PC\\Desktop\\TeamProject\\Teamwork\\Keep Summer\\server\\data\\base\\base-data.js":{"path":"C:\\Users\\Darin-PC\\Desktop\\TeamProject\\Teamwork\\Keep Summer\\server\\data\\base\\base-data.js","s":{"1":2,"2":2,"3":2,"4":2,"5":2,"6":2,"7":2,"8":1,"9":1,"10":4,"11":2,"12":0,"13":0,"14":0,"15":0,"16":0,"17":0,"18":0,"19":0,"20":0,"21":0,"22":0,"23":0,"24":0,"25":0,"26":0,"27":2,"28":1},"b":{"1":[1,1],"2":[0,0],"3":[0,0],"4":[0,0],"5":[0,0]},"f":{"1":2,"2":2,"3":0,"4":0,"5":0,"6":0,"7":0,"8":2},"fnMap":{"1":{"name":"(anonymous_1)","line":2,"loc":{"start":{"line":2,"column":15},"end":{"line":2,"column":43}}},"2":{"name":"(anonymous_2)","line":10,"loc":{"start":{"line":10,"column":10},"end":{"line":10,"column":13}}},"3":{"name":"(anonymous_3)","line":24,"loc":{"start":{"line":24,"column":12},"end":{"line":24,"column":20}}},"4":{"name":"(anonymous_4)","line":28,"loc":{"start":{"line":28,"column":10},"end":{"line":28,"column":18}}},"5":{"name":"(anonymous_5)","line":39,"loc":{"start":{"line":39,"column":18},"end":{"line":39,"column":26}}},"6":{"name":"(anonymous_6)","line":54,"loc":{"start":{"line":54,"column":14},"end":{"line":54,"column":22}}},"7":{"name":"(anonymous_7)","line":60,"loc":{"start":{"line":60,"column":17},"end":{"line":60,"column":25}}},"8":{"name":"(anonymous_8)","line":69,"loc":{"start":{"line":69,"column":22},"end":{"line":69,"column":25}}}},"statementMap":{"1":{"start":{"line":3,"column":8},"end":{"line":3,"column":21}},"2":{"start":{"line":4,"column":8},"end":{"line":4,"column":37}},"3":{"start":{"line":5,"column":8},"end":{"line":5,"column":35}},"4":{"start":{"line":6,"column":8},"end":{"line":6,"column":56}},"5":{"start":{"line":7,"column":8},"end":{"line":7,"column":66}},"6":{"start":{"line":11,"column":8},"end":{"line":11,"column":54}},"7":{"start":{"line":13,"column":8},"end":{"line":19,"column":9}},"8":{"start":{"line":14,"column":12},"end":{"line":18,"column":15}},"9":{"start":{"line":15,"column":16},"end":{"line":17,"column":60}},"10":{"start":{"line":17,"column":24},"end":{"line":17,"column":58}},"11":{"start":{"line":21,"column":8},"end":{"line":21,"column":22}},"12":{"start":{"line":25,"column":8},"end":{"line":25,"column":53}},"13":{"start":{"line":29,"column":8},"end":{"line":31,"column":9}},"14":{"start":{"line":30,"column":12},"end":{"line":30,"column":51}},"15":{"start":{"line":33,"column":8},"end":{"line":36,"column":15}},"16":{"start":{"line":35,"column":16},"end":{"line":35,"column":29}},"17":{"start":{"line":40,"column":8},"end":{"line":51,"column":15}},"18":{"start":{"line":42,"column":16},"end":{"line":48,"column":17}},"19":{"start":{"line":43,"column":20},"end":{"line":43,"column":31}},"20":{"start":{"line":44,"column":20},"end":{"line":47,"column":27}},"21":{"start":{"line":46,"column":28},"end":{"line":46,"column":41}},"22":{"start":{"line":50,"column":16},"end":{"line":50,"column":29}},"23":{"start":{"line":55,"column":8},"end":{"line":57,"column":18}},"24":{"start":{"line":61,"column":8},"end":{"line":64,"column":9}},"25":{"start":{"line":63,"column":12},"end":{"line":63,"column":24}},"26":{"start":{"line":66,"column":8},"end":{"line":66,"column":45}},"27":{"start":{"line":70,"column":8},"end":{"line":70,"column":56}},"28":{"start":{"line":74,"column":0},"end":{"line":74,"column":26}}},"branchMap":{"1":{"line":13,"type":"if","locations":[{"start":{"line":13,"column":8},"end":{"line":13,"column":8}},{"start":{"line":13,"column":8},"end":{"line":13,"column":8}}]},"2":{"line":29,"type":"if","locations":[{"start":{"line":29,"column":8},"end":{"line":29,"column":8}},{"start":{"line":29,"column":8},"end":{"line":29,"column":8}}]},"3":{"line":42,"type":"if","locations":[{"start":{"line":42,"column":16},"end":{"line":42,"column":16}},{"start":{"line":42,"column":16},"end":{"line":42,"column":16}}]},"4":{"line":61,"type":"if","locations":[{"start":{"line":61,"column":8},"end":{"line":61,"column":8}},{"start":{"line":61,"column":8},"end":{"line":61,"column":8}}]},"5":{"line":61,"type":"binary-expr","locations":[{"start":{"line":61,"column":12},"end":{"line":61,"column":49}},{"start":{"line":62,"column":12},"end":{"line":62,"column":56}}]}}}}