TN:
SF:C:\Users\Darin-PC\Desktop\TeamProject\Teamwork\Keep Summer\server\data\base\base-data.js
FN:2,(anonymous_1)
FN:10,(anonymous_2)
FN:24,(anonymous_3)
FN:28,(anonymous_4)
FN:39,(anonymous_5)
FN:54,(anonymous_6)
FN:60,(anonymous_7)
FN:69,(anonymous_8)
FNF:8
FNH:3
FNDA:2,(anonymous_1)
FNDA:2,(anonymous_2)
FNDA:0,(anonymous_3)
FNDA:0,(anonymous_4)
FNDA:0,(anonymous_5)
FNDA:0,(anonymous_6)
FNDA:0,(anonymous_7)
FNDA:2,(anonymous_8)
DA:3,2
DA:4,2
DA:5,2
DA:6,2
DA:7,2
DA:11,2
DA:13,2
DA:14,1
DA:15,1
DA:17,4
DA:21,2
DA:25,0
DA:29,0
DA:30,0
DA:33,0
DA:35,0
DA:40,0
DA:42,0
DA:43,0
DA:44,0
DA:46,0
DA:50,0
DA:55,0
DA:61,0
DA:63,0
DA:66,0
DA:70,2
DA:74,1
LF:28
LH:13
BRDA:13,1,0,1
BRDA:13,1,1,1
BRDA:29,2,0,0
BRDA:29,2,1,0
BRDA:42,3,0,0
BRDA:42,3,1,0
BRDA:61,4,0,0
BRDA:61,4,1,0
BRDA:61,5,0,0
BRDA:61,5,1,0
BRF:10
BRH:2
end_of_record
