{
"C:\\Users\\Darin-PC\\Desktop\\TeamProject\\Teamwork\\server\\config\\app.js":{"path":"C:\\Users\\Darin-PC\\Desktop\\TeamProject\\Teamwork\\server\\config\\app.js","s":{"1":1,"2":1,"3":1,"4":1,"5":1,"6":1,"7":20,"8":20,"9":20,"10":20,"11":20,"12":20,"13":20,"14":20,"15":20,"16":20,"17":20,"18":19,"19":19,"20":20,"21":20,"22":1,"23":1,"24":20,"25":1},"b":{},"f":{},"fnMap":{},"statementMap":{"1":{"start":{"line":4,"column":0},"end":{"line":4,"column":29}},"2":{"start":{"line":6,"column":0},"end":{"line":6,"column":35}},"3":{"start":{"line":7,"column":0},"end":{"line":7,"column":33}},"4":{"start":{"line":8,"column":0},"end":{"line":8,"column":42}},"5":{"start":{"line":9,"column":0},"end":{"line":9,"column":41}},"6":{"start":{"line":11,"column":0},"end":{"line":42,"column":2}},"7":{"start":{"line":12,"column":4},"end":{"line":12,"column":26}},"8":{"start":{"line":14,"column":4},"end":{"line":14,"column":34}},"9":{"start":{"line":16,"column":4},"end":{"line":16,"column":32}},"10":{"start":{"line":17,"column":4},"end":{"line":17,"column":31}},"11":{"start":{"line":18,"column":4},"end":{"line":20,"column":8}},"12":{"start":{"line":22,"column":4},"end":{"line":22,"column":81}},"13":{"start":{"line":23,"column":4},"end":{"line":23,"column":81}},"14":{"start":{"line":24,"column":4},"end":{"line":24,"column":77}},"15":{"start":{"line":26,"column":4},"end":{"line":26,"column":38}},"16":{"start":{"line":28,"column":4},"end":{"line":28,"column":40}},"17":{"start":{"line":29,"column":4},"end":{"line":32,"column":7}},"18":{"start":{"line":30,"column":8},"end":{"line":30,"column":68}},"19":{"start":{"line":31,"column":8},"end":{"line":31,"column":15}},"20":{"start":{"line":34,"column":4},"end":{"line":34,"column":44}},"21":{"start":{"line":36,"column":4},"end":{"line":39,"column":7}},"22":{"start":{"line":37,"column":8},"end":{"line":37,"column":24}},"23":{"start":{"line":38,"column":8},"end":{"line":38,"column":39}},"24":{"start":{"line":41,"column":4},"end":{"line":41,"column":32}},"25":{"start":{"line":44,"column":0},"end":{"line":44,"column":26}}},"branchMap":{},"l":{"4":1,"6":1,"7":1,"8":1,"9":1,"11":1,"12":20,"14":20,"16":20,"17":20,"18":20,"22":20,"23":20,"24":20,"26":20,"28":20,"29":20,"30":19,"31":19,"34":20,"36":20,"37":1,"38":1,"41":20,"44":1}},
"C:\\Users\\Darin-PC\\Desktop\\TeamProject\\Teamwork\\server\\config\\index.js":{"path":"C:\\Users\\Darin-PC\\Desktop\\TeamProject\\Teamwork\\server\\config\\index.js","s":{"1":1},"b":{},"f":{},"fnMap":{},"statementMap":{"1":{"start":{"line":1,"column":0},"end":{"line":1,"column":34}}},"branchMap":{},"l":{"1":1}},
"C:\\Users\\Darin-PC\\Desktop\\TeamProject\\Teamwork\\server\\config\\auth\\auth.js":{"path":"C:\\Users\\Darin-PC\\Desktop\\TeamProject\\Teamwork\\server\\config\\auth\\auth.js","s":{"1":1,"2":1,"3":1,"4":1,"5":1,"6":1,"7":1,"8":1,"9":1,"10":20,"11":0,"12":0,"13":0,"14":0,"15":0,"16":0,"17":0,"18":0,"19":0,"20":20,"21":20,"22":20,"23":20,"24":20,"25":20,"26":0,"27":20,"28":0,"29":0,"30":20,"31":19,"32":19,"33":1},"b":{"1":[0,0],"2":[0,0],"3":[0,0]},"f":{},"fnMap":{},"statementMap":{"1":{"start":{"line":1,"column":0},"end":{"line":1,"column":37}},"2":{"start":{"line":2,"column":0},"end":{"line":2,"column":46}},"3":{"start":{"line":3,"column":0},"end":{"line":3,"column":42}},"4":{"start":{"line":4,"column":0},"end":{"line":4,"column":43}},"5":{"start":{"line":5,"column":0},"end":{"line":5,"column":53}},"6":{"start":{"line":6,"column":0},"end":{"line":6,"column":48}},"7":{"start":{"line":7,"column":0},"end":{"line":7,"column":57}},"8":{"start":{"line":9,"column":0},"end":{"line":9,"column":47}},"9":{"start":{"line":11,"column":0},"end":{"line":75,"column":2}},"10":{"start":{"line":13,"column":4},"end":{"line":38,"column":8}},"11":{"start":{"line":18,"column":8},"end":{"line":37,"column":15}},"12":{"start":{"line":20,"column":16},"end":{"line":22,"column":17}},"13":{"start":{"line":21,"column":20},"end":{"line":21,"column":76}},"14":{"start":{"line":24,"column":16},"end":{"line":27,"column":21}},"15":{"start":{"line":25,"column":24},"end":{"line":26,"column":75}},"16":{"start":{"line":29,"column":16},"end":{"line":30,"column":61}},"17":{"start":{"line":32,"column":16},"end":{"line":35,"column":17}},"18":{"start":{"line":33,"column":20},"end":{"line":34,"column":72}},"19":{"start":{"line":36,"column":16},"end":{"line":36,"column":40}},"20":{"start":{"line":40,"column":4},"end":{"line":40,"column":28}},"21":{"start":{"line":41,"column":4},"end":{"line":43,"column":8}},"22":{"start":{"line":44,"column":4},"end":{"line":52,"column":8}},"23":{"start":{"line":53,"column":4},"end":{"line":53,"column":35}},"24":{"start":{"line":54,"column":4},"end":{"line":54,"column":32}},"25":{"start":{"line":56,"column":4},"end":{"line":58,"column":7}},"26":{"start":{"line":57,"column":8},"end":{"line":57,"column":29}},"27":{"start":{"line":60,"column":4},"end":{"line":66,"column":7}},"28":{"start":{"line":61,"column":8},"end":{"line":65,"column":21}},"29":{"start":{"line":63,"column":12},"end":{"line":63,"column":29}},"30":{"start":{"line":68,"column":4},"end":{"line":74,"column":7}},"31":{"start":{"line":69,"column":8},"end":{"line":71,"column":10}},"32":{"start":{"line":73,"column":8},"end":{"line":73,"column":15}},"33":{"start":{"line":77,"column":0},"end":{"line":77,"column":26}}},"branchMap":{"1":{"line":20,"type":"if","locations":[{"start":{"line":20,"column":16},"end":{"line":20,"column":16}},{"start":{"line":20,"column":16},"end":{"line":20,"column":16}}]},"2":{"line":24,"type":"if","locations":[{"start":{"line":24,"column":16},"end":{"line":24,"column":16}},{"start":{"line":24,"column":16},"end":{"line":24,"column":16}}]},"3":{"line":32,"type":"if","locations":[{"start":{"line":32,"column":16},"end":{"line":32,"column":16}},{"start":{"line":32,"column":16},"end":{"line":32,"column":16}}]}},"l":{"1":1,"2":1,"3":1,"4":1,"5":1,"6":1,"7":1,"9":1,"11":1,"13":20,"18":0,"20":0,"21":0,"24":0,"25":0,"29":0,"32":0,"33":0,"36":0,"40":20,"41":20,"44":20,"53":20,"54":20,"56":20,"57":0,"60":20,"61":0,"63":0,"68":20,"69":19,"73":19,"77":1}},
"C:\\Users\\Darin-PC\\Desktop\\TeamProject\\Teamwork\\server\\config\\auth\\index.js":{"path":"C:\\Users\\Darin-PC\\Desktop\\TeamProject\\Teamwork\\server\\config\\auth\\index.js","s":{"1":1},"b":{},"f":{},"fnMap":{},"statementMap":{"1":{"start":{"line":1,"column":0},"end":{"line":1,"column":35}}},"branchMap":{},"l":{"1":1}},
"C:\\Users\\Darin-PC\\Desktop\\TeamProject\\Teamwork\\server\\configurations\\configurations.js":{"path":"C:\\Users\\Darin-PC\\Desktop\\TeamProject\\Teamwork\\server\\configurations\\configurations.js","s":{"1":1,"2":1,"3":1,"4":1},"b":{},"f":{},"fnMap":{},"statementMap":{"1":{"start":{"line":14,"column":0},"end":{"line":14,"column":16}},"2":{"start":{"line":15,"column":0},"end":{"line":15,"column":100}},"3":{"start":{"line":16,"column":0},"end":{"line":16,"column":33}},"4":{"start":{"line":23,"column":0},"end":{"line":25,"column":2}}},"branchMap":{},"l":{"14":1,"15":1,"16":1,"23":1}},
"C:\\Users\\Darin-PC\\Desktop\\TeamProject\\Teamwork\\server\\configurations\\index.js":{"path":"C:\\Users\\Darin-PC\\Desktop\\TeamProject\\Teamwork\\server\\configurations\\index.js","s":{"1":1},"b":{},"f":{},"fnMap":{},"statementMap":{"1":{"start":{"line":1,"column":0},"end":{"line":1,"column":45}}},"branchMap":{},"l":{"1":1}},
"C:\\Users\\Darin-PC\\Desktop\\TeamProject\\Teamwork\\server\\controllers\\auth-controller.js":{"path":"C:\\Users\\Darin-PC\\Desktop\\TeamProject\\Teamwork\\server\\controllers\\auth-controller.js","s":{"1":1,"2":1,"3":1,"4":23,"5":2,"6":2,"7":2,"8":2,"9":2,"10":2,"11":1,"12":0,"13":1,"14":1,"15":0,"16":1,"17":1,"18":0,"19":1,"20":1,"21":0,"22":1,"23":0,"24":1,"25":0,"26":1,"27":1},"b":{"1":[0,1],"2":[0,1],"3":[1,1],"4":[0,1],"5":[0,1],"6":[0,1]},"f":{"1":23,"2":2,"3":2,"4":2},"fnMap":{"1":{"name":"(anonymous_1)","line":6,"loc":{"start":{"line":6,"column":17},"end":{"line":6,"column":32}}},"2":{"name":"(anonymous_2)","line":8,"loc":{"start":{"line":8,"column":20},"end":{"line":8,"column":31}}},"3":{"name":"(anonymous_3)","line":11,"loc":{"start":{"line":11,"column":23},"end":{"line":11,"column":34}}},"4":{"name":"(anonymous_4)","line":14,"loc":{"start":{"line":14,"column":14},"end":{"line":14,"column":25}}}},"statementMap":{"1":{"start":{"line":3,"column":0},"end":{"line":3,"column":33}},"2":{"start":{"line":4,"column":0},"end":{"line":4,"column":54}},"3":{"start":{"line":6,"column":0},"end":{"line":74,"column":2}},"4":{"start":{"line":7,"column":4},"end":{"line":73,"column":6}},"5":{"start":{"line":9,"column":12},"end":{"line":9,"column":51}},"6":{"start":{"line":12,"column":12},"end":{"line":12,"column":53}},"7":{"start":{"line":15,"column":12},"end":{"line":15,"column":51}},"8":{"start":{"line":16,"column":12},"end":{"line":17,"column":65}},"9":{"start":{"line":18,"column":12},"end":{"line":28,"column":14}},"10":{"start":{"line":30,"column":12},"end":{"line":71,"column":19}},"11":{"start":{"line":32,"column":20},"end":{"line":34,"column":21}},"12":{"start":{"line":33,"column":24},"end":{"line":33,"column":69}},"13":{"start":{"line":36,"column":20},"end":{"line":36,"column":62}},"14":{"start":{"line":37,"column":20},"end":{"line":42,"column":21}},"15":{"start":{"line":39,"column":24},"end":{"line":41,"column":57}},"16":{"start":{"line":44,"column":20},"end":{"line":44,"column":76}},"17":{"start":{"line":45,"column":20},"end":{"line":48,"column":21}},"18":{"start":{"line":46,"column":27},"end":{"line":47,"column":56}},"19":{"start":{"line":50,"column":20},"end":{"line":51,"column":78}},"20":{"start":{"line":52,"column":20},"end":{"line":56,"column":21}},"21":{"start":{"line":53,"column":24},"end":{"line":55,"column":61}},"22":{"start":{"line":58,"column":20},"end":{"line":61,"column":21}},"23":{"start":{"line":59,"column":24},"end":{"line":60,"column":70}},"24":{"start":{"line":63,"column":20},"end":{"line":63,"column":51}},"25":{"start":{"line":66,"column":20},"end":{"line":66,"column":50}},"26":{"start":{"line":69,"column":20},"end":{"line":69,"column":44}},"27":{"start":{"line":70,"column":20},"end":{"line":70,"column":53}}},"branchMap":{"1":{"line":32,"type":"if","locations":[{"start":{"line":32,"column":20},"end":{"line":32,"column":20}},{"start":{"line":32,"column":20},"end":{"line":32,"column":20}}]},"2":{"line":37,"type":"if","locations":[{"start":{"line":37,"column":20},"end":{"line":37,"column":20}},{"start":{"line":37,"column":20},"end":{"line":37,"column":20}}]},"3":{"line":37,"type":"binary-expr","locations":[{"start":{"line":37,"column":24},"end":{"line":37,"column":61}},{"start":{"line":38,"column":25},"end":{"line":38,"column":61}}]},"4":{"line":45,"type":"if","locations":[{"start":{"line":45,"column":20},"end":{"line":45,"column":20}},{"start":{"line":45,"column":20},"end":{"line":45,"column":20}}]},"5":{"line":52,"type":"if","locations":[{"start":{"line":52,"column":20},"end":{"line":52,"column":20}},{"start":{"line":52,"column":20},"end":{"line":52,"column":20}}]},"6":{"line":58,"type":"if","locations":[{"start":{"line":58,"column":20},"end":{"line":58,"column":20}},{"start":{"line":58,"column":20},"end":{"line":58,"column":20}}]}},"l":{"3":1,"4":1,"6":1,"7":23,"9":2,"12":2,"15":2,"16":2,"18":2,"30":2,"32":1,"33":0,"36":1,"37":1,"39":0,"44":1,"45":1,"46":0,"50":1,"52":1,"53":0,"58":1,"59":0,"63":1,"66":0,"69":1,"70":1}},
"C:\\Users\\Darin-PC\\Desktop\\TeamProject\\Teamwork\\server\\controllers\\chat-controller.js":{"path":"C:\\Users\\Darin-PC\\Desktop\\TeamProject\\Teamwork\\server\\controllers\\chat-controller.js","s":{"1":1,"2":20,"3":0,"4":0},"b":{},"f":{"1":20,"2":0},"fnMap":{"1":{"name":"(anonymous_1)","line":1,"loc":{"start":{"line":1,"column":17},"end":{"line":1,"column":32}}},"2":{"name":"(anonymous_2)","line":3,"loc":{"start":{"line":3,"column":16},"end":{"line":3,"column":27}}}},"statementMap":{"1":{"start":{"line":1,"column":0},"end":{"line":10,"column":2}},"2":{"start":{"line":2,"column":4},"end":{"line":9,"column":6}},"3":{"start":{"line":4,"column":12},"end":{"line":4,"column":47}},"4":{"start":{"line":5,"column":12},"end":{"line":7,"column":15}}},"branchMap":{},"l":{"1":1,"2":20,"4":0,"5":0}},
"C:\\Users\\Darin-PC\\Desktop\\TeamProject\\Teamwork\\server\\controllers\\destination-controller.js":{"path":"C:\\Users\\Darin-PC\\Desktop\\TeamProject\\Teamwork\\server\\controllers\\destination-controller.js","s":{"1":1,"2":20,"3":1,"4":0,"5":1,"6":1,"7":0,"8":0,"9":0,"10":1,"11":0,"12":0,"13":0},"b":{"1":[0,0],"2":[0,0]},"f":{"1":20,"2":1,"3":1,"4":1},"fnMap":{"1":{"name":"(anonymous_1)","line":1,"loc":{"start":{"line":1,"column":17},"end":{"line":1,"column":32}}},"2":{"name":"(anonymous_2)","line":3,"loc":{"start":{"line":3,"column":14},"end":{"line":3,"column":25}}},"3":{"name":"(anonymous_3)","line":12,"loc":{"start":{"line":12,"column":15},"end":{"line":12,"column":26}}},"4":{"name":"(anonymous_4)","line":26,"loc":{"start":{"line":26,"column":27},"end":{"line":26,"column":38}}}},"statementMap":{"1":{"start":{"line":1,"column":0},"end":{"line":38,"column":2}},"2":{"start":{"line":2,"column":4},"end":{"line":37,"column":6}},"3":{"start":{"line":4,"column":12},"end":{"line":10,"column":19}},"4":{"start":{"line":6,"column":20},"end":{"line":9,"column":27}},"5":{"start":{"line":13,"column":12},"end":{"line":13,"column":37}},"6":{"start":{"line":15,"column":12},"end":{"line":23,"column":19}},"7":{"start":{"line":17,"column":20},"end":{"line":19,"column":21}},"8":{"start":{"line":18,"column":24},"end":{"line":18,"column":62}},"9":{"start":{"line":20,"column":20},"end":{"line":22,"column":23}},"10":{"start":{"line":27,"column":12},"end":{"line":35,"column":19}},"11":{"start":{"line":29,"column":20},"end":{"line":31,"column":21}},"12":{"start":{"line":30,"column":24},"end":{"line":30,"column":62}},"13":{"start":{"line":32,"column":20},"end":{"line":34,"column":23}}},"branchMap":{"1":{"line":17,"type":"if","locations":[{"start":{"line":17,"column":20},"end":{"line":17,"column":20}},{"start":{"line":17,"column":20},"end":{"line":17,"column":20}}]},"2":{"line":29,"type":"if","locations":[{"start":{"line":29,"column":20},"end":{"line":29,"column":20}},{"start":{"line":29,"column":20},"end":{"line":29,"column":20}}]}},"l":{"1":1,"2":20,"4":1,"6":0,"13":1,"15":1,"17":0,"18":0,"20":0,"27":1,"29":0,"30":0,"32":0}},
"C:\\Users\\Darin-PC\\Desktop\\TeamProject\\Teamwork\\server\\controllers\\guide-controller.js":{"path":"C:\\Users\\Darin-PC\\Desktop\\TeamProject\\Teamwork\\server\\controllers\\guide-controller.js","s":{"1":0,"2":0,"3":0,"4":0,"5":0,"6":0,"7":0,"8":0,"9":0},"b":{"1":[0,0]},"f":{"1":0,"2":0,"3":0},"fnMap":{"1":{"name":"(anonymous_1)","line":1,"loc":{"start":{"line":1,"column":17},"end":{"line":1,"column":32}}},"2":{"name":"(anonymous_2)","line":3,"loc":{"start":{"line":3,"column":14},"end":{"line":3,"column":25}}},"3":{"name":"(anonymous_3)","line":12,"loc":{"start":{"line":12,"column":15},"end":{"line":12,"column":26}}}},"statementMap":{"1":{"start":{"line":1,"column":0},"end":{"line":26,"column":2}},"2":{"start":{"line":2,"column":4},"end":{"line":25,"column":6}},"3":{"start":{"line":4,"column":12},"end":{"line":10,"column":19}},"4":{"start":{"line":6,"column":20},"end":{"line":9,"column":27}},"5":{"start":{"line":13,"column":12},"end":{"line":13,"column":37}},"6":{"start":{"line":15,"column":12},"end":{"line":23,"column":19}},"7":{"start":{"line":17,"column":20},"end":{"line":19,"column":21}},"8":{"start":{"line":18,"column":24},"end":{"line":18,"column":62}},"9":{"start":{"line":20,"column":20},"end":{"line":22,"column":23}}},"branchMap":{"1":{"line":17,"type":"if","locations":[{"start":{"line":17,"column":20},"end":{"line":17,"column":20}},{"start":{"line":17,"column":20},"end":{"line":17,"column":20}}]}},"l":{"1":0,"2":0,"4":0,"6":0,"13":0,"15":0,"17":0,"18":0,"20":0}},
"C:\\Users\\Darin-PC\\Desktop\\TeamProject\\Teamwork\\server\\controllers\\home-controller.js":{"path":"C:\\Users\\Darin-PC\\Desktop\\TeamProject\\Teamwork\\server\\controllers\\home-controller.js","s":{"1":1,"2":20,"3":2,"4":1,"5":1,"6":1},"b":{},"f":{"1":20,"2":2,"3":1,"4":1},"fnMap":{"1":{"name":"(anonymous_1)","line":1,"loc":{"start":{"line":1,"column":17},"end":{"line":1,"column":32}}},"2":{"name":"(anonymous_2)","line":3,"loc":{"start":{"line":3,"column":19},"end":{"line":3,"column":30}}},"3":{"name":"(anonymous_3)","line":6,"loc":{"start":{"line":6,"column":22},"end":{"line":6,"column":33}}},"4":{"name":"(anonymous_4)","line":9,"loc":{"start":{"line":9,"column":23},"end":{"line":9,"column":34}}}},"statementMap":{"1":{"start":{"line":1,"column":0},"end":{"line":14,"column":2}},"2":{"start":{"line":2,"column":4},"end":{"line":13,"column":6}},"3":{"start":{"line":4,"column":12},"end":{"line":4,"column":43}},"4":{"start":{"line":7,"column":12},"end":{"line":7,"column":52}},"5":{"start":{"line":10,"column":12},"end":{"line":10,"column":72}},"6":{"start":{"line":11,"column":12},"end":{"line":11,"column":52}}},"branchMap":{},"l":{"1":1,"2":20,"4":2,"7":1,"10":1,"11":1}},
"C:\\Users\\Darin-PC\\Desktop\\TeamProject\\Teamwork\\server\\controllers\\publications-controller.js":{"path":"C:\\Users\\Darin-PC\\Desktop\\TeamProject\\Teamwork\\server\\controllers\\publications-controller.js","s":{"1":1,"2":1,"3":1,"4":1,"5":1,"6":1,"7":1,"8":1,"9":1,"10":1,"11":25,"12":2,"13":2,"14":2,"15":2,"16":2,"17":1,"18":0,"19":1,"20":1,"21":0,"22":0,"23":0,"24":0,"25":0,"26":1,"27":0,"28":0,"29":0,"30":0,"31":0,"32":0,"33":0,"34":0,"35":0,"36":0,"37":0,"38":0,"39":0,"40":0,"41":0,"42":0,"43":0,"44":0,"45":0,"46":0,"47":0,"48":0,"49":0,"50":0,"51":0,"52":0,"53":0,"54":0,"55":0,"56":0,"57":0,"58":0,"59":0,"60":0,"61":0,"62":0,"63":0,"64":0,"65":0,"66":0,"67":0,"68":0,"69":0,"70":0,"71":0,"72":0,"73":0,"74":1,"75":0,"76":1,"77":1,"78":1,"79":1,"80":1,"81":0,"82":0,"83":1,"84":1,"85":1,"86":1,"87":1,"88":1,"89":0,"90":0,"91":1,"92":1,"93":0,"94":0,"95":0,"96":0,"97":0,"98":0,"99":0,"100":0,"101":0,"102":1,"103":1,"104":0,"105":0,"106":0,"107":0,"108":0,"109":0,"110":0,"111":0,"112":0,"113":0,"114":0,"115":0,"116":0},"b":{"1":[0,1],"2":[0,1],"3":[0,0],"4":[0,0],"5":[0,0],"6":[0,0],"7":[0,0],"8":[0,0]},"f":{"1":25,"2":2,"3":2,"4":0,"5":0,"6":0,"7":1,"8":1,"9":1,"10":1,"11":0,"12":1,"13":0},"fnMap":{"1":{"name":"(anonymous_1)","line":19,"loc":{"start":{"line":19,"column":17},"end":{"line":19,"column":32}}},"2":{"name":"(anonymous_2)","line":21,"loc":{"start":{"line":21,"column":18},"end":{"line":21,"column":29}}},"3":{"name":"(anonymous_3)","line":30,"loc":{"start":{"line":30,"column":19},"end":{"line":30,"column":30}}},"4":{"name":"(anonymous_4)","line":61,"loc":{"start":{"line":61,"column":18},"end":{"line":61,"column":29}}},"5":{"name":"(anonymous_5)","line":67,"loc":{"start":{"line":67,"column":34},"end":{"line":67,"column":54}}},"6":{"name":"(anonymous_6)","line":75,"loc":{"start":{"line":75,"column":32},"end":{"line":75,"column":61}}},"7":{"name":"(anonymous_7)","line":179,"loc":{"start":{"line":179,"column":33},"end":{"line":179,"column":44}}},"8":{"name":"(anonymous_8)","line":189,"loc":{"start":{"line":189,"column":30},"end":{"line":189,"column":41}}},"9":{"name":"(anonymous_9)","line":192,"loc":{"start":{"line":192,"column":27},"end":{"line":192,"column":38}}},"10":{"name":"(anonymous_10)","line":212,"loc":{"start":{"line":212,"column":30},"end":{"line":212,"column":41}}},"11":{"name":"(anonymous_11)","line":232,"loc":{"start":{"line":232,"column":29},"end":{"line":232,"column":40}}},"12":{"name":"(anonymous_12)","line":249,"loc":{"start":{"line":249,"column":18},"end":{"line":249,"column":29}}},"13":{"name":"(anonymous_13)","line":261,"loc":{"start":{"line":261,"column":22},"end":{"line":261,"column":33}}}},"statementMap":{"1":{"start":{"line":3,"column":0},"end":{"line":3,"column":49}},"2":{"start":{"line":5,"column":0},"end":{"line":5,"column":33}},"3":{"start":{"line":7,"column":0},"end":{"line":7,"column":41}},"4":{"start":{"line":8,"column":0},"end":{"line":8,"column":25}},"5":{"start":{"line":9,"column":0},"end":{"line":9,"column":29}},"6":{"start":{"line":10,"column":0},"end":{"line":10,"column":53}},"7":{"start":{"line":11,"column":0},"end":{"line":11,"column":35}},"8":{"start":{"line":14,"column":0},"end":{"line":15,"column":46}},"9":{"start":{"line":17,"column":0},"end":{"line":17,"column":23}},"10":{"start":{"line":19,"column":0},"end":{"line":288,"column":2}},"11":{"start":{"line":20,"column":8},"end":{"line":287,"column":6}},"12":{"start":{"line":22,"column":16},"end":{"line":28,"column":23}},"13":{"start":{"line":24,"column":24},"end":{"line":27,"column":31}},"14":{"start":{"line":31,"column":16},"end":{"line":31,"column":41}},"15":{"start":{"line":32,"column":16},"end":{"line":32,"column":38}},"16":{"start":{"line":34,"column":16},"end":{"line":59,"column":23}},"17":{"start":{"line":36,"column":24},"end":{"line":38,"column":25}},"18":{"start":{"line":37,"column":28},"end":{"line":37,"column":66}},"19":{"start":{"line":39,"column":24},"end":{"line":39,"column":50}},"20":{"start":{"line":40,"column":24},"end":{"line":54,"column":25}},"21":{"start":{"line":41,"column":28},"end":{"line":41,"column":65}},"22":{"start":{"line":42,"column":28},"end":{"line":53,"column":29}},"23":{"start":{"line":46,"column":32},"end":{"line":52,"column":33}},"24":{"start":{"line":47,"column":36},"end":{"line":47,"column":61}},"25":{"start":{"line":49,"column":36},"end":{"line":49,"column":42}},"26":{"start":{"line":56,"column":24},"end":{"line":58,"column":27}},"27":{"start":{"line":67,"column":16},"end":{"line":72,"column":18}},"28":{"start":{"line":68,"column":20},"end":{"line":68,"column":64}},"29":{"start":{"line":69,"column":20},"end":{"line":69,"column":62}},"30":{"start":{"line":70,"column":20},"end":{"line":70,"column":57}},"31":{"start":{"line":71,"column":20},"end":{"line":71,"column":35}},"32":{"start":{"line":74,"column":16},"end":{"line":74,"column":59}},"33":{"start":{"line":75,"column":16},"end":{"line":177,"column":19}},"34":{"start":{"line":76,"column":24},"end":{"line":76,"column":51}},"35":{"start":{"line":77,"column":24},"end":{"line":77,"column":46}},"36":{"start":{"line":78,"column":24},"end":{"line":78,"column":49}},"37":{"start":{"line":79,"column":24},"end":{"line":79,"column":50}},"38":{"start":{"line":80,"column":24},"end":{"line":80,"column":46}},"39":{"start":{"line":81,"column":24},"end":{"line":81,"column":62}},"40":{"start":{"line":84,"column":24},"end":{"line":88,"column":26}},"41":{"start":{"line":90,"column":25},"end":{"line":92,"column":27}},"42":{"start":{"line":94,"column":24},"end":{"line":96,"column":64}},"43":{"start":{"line":97,"column":28},"end":{"line":97,"column":59}},"44":{"start":{"line":99,"column":16},"end":{"line":99,"column":60}},"45":{"start":{"line":100,"column":16},"end":{"line":101,"column":52}},"46":{"start":{"line":102,"column":16},"end":{"line":102,"column":69}},"47":{"start":{"line":103,"column":16},"end":{"line":103,"column":73}},"48":{"start":{"line":105,"column":16},"end":{"line":105,"column":60}},"49":{"start":{"line":106,"column":16},"end":{"line":107,"column":52}},"50":{"start":{"line":108,"column":16},"end":{"line":108,"column":69}},"51":{"start":{"line":109,"column":16},"end":{"line":109,"column":73}},"52":{"start":{"line":111,"column":16},"end":{"line":111,"column":60}},"53":{"start":{"line":112,"column":16},"end":{"line":113,"column":52}},"54":{"start":{"line":114,"column":16},"end":{"line":114,"column":69}},"55":{"start":{"line":115,"column":16},"end":{"line":115,"column":73}},"56":{"start":{"line":117,"column":16},"end":{"line":117,"column":56}},"57":{"start":{"line":118,"column":16},"end":{"line":118,"column":56}},"58":{"start":{"line":119,"column":16},"end":{"line":119,"column":56}},"59":{"start":{"line":121,"column":16},"end":{"line":176,"column":23}},"60":{"start":{"line":129,"column":24},"end":{"line":129,"column":65}},"61":{"start":{"line":130,"column":24},"end":{"line":130,"column":69}},"62":{"start":{"line":131,"column":24},"end":{"line":131,"column":50}},"63":{"start":{"line":133,"column":24},"end":{"line":134,"column":52}},"64":{"start":{"line":136,"column":24},"end":{"line":137,"column":58}},"65":{"start":{"line":138,"column":24},"end":{"line":142,"column":27}},"66":{"start":{"line":144,"column":24},"end":{"line":144,"column":68}},"67":{"start":{"line":145,"column":24},"end":{"line":149,"column":27}},"68":{"start":{"line":151,"column":24},"end":{"line":153,"column":61}},"69":{"start":{"line":154,"column":24},"end":{"line":161,"column":27}},"70":{"start":{"line":163,"column":24},"end":{"line":168,"column":27}},"71":{"start":{"line":171,"column":24},"end":{"line":171,"column":61}},"72":{"start":{"line":174,"column":24},"end":{"line":174,"column":50}},"73":{"start":{"line":175,"column":24},"end":{"line":175,"column":77}},"74":{"start":{"line":180,"column":16},"end":{"line":187,"column":23}},"75":{"start":{"line":183,"column":24},"end":{"line":186,"column":31}},"76":{"start":{"line":190,"column":16},"end":{"line":190,"column":60}},"77":{"start":{"line":193,"column":16},"end":{"line":193,"column":39}},"78":{"start":{"line":195,"column":16},"end":{"line":210,"column":23}},"79":{"start":{"line":197,"column":24},"end":{"line":197,"column":66}},"80":{"start":{"line":199,"column":24},"end":{"line":200,"column":53}},"81":{"start":{"line":203,"column":24},"end":{"line":204,"column":65}},"82":{"start":{"line":205,"column":24},"end":{"line":205,"column":52}},"83":{"start":{"line":208,"column":24},"end":{"line":208,"column":48}},"84":{"start":{"line":209,"column":24},"end":{"line":209,"column":47}},"85":{"start":{"line":213,"column":16},"end":{"line":213,"column":39}},"86":{"start":{"line":215,"column":16},"end":{"line":230,"column":23}},"87":{"start":{"line":217,"column":24},"end":{"line":217,"column":72}},"88":{"start":{"line":219,"column":24},"end":{"line":220,"column":53}},"89":{"start":{"line":223,"column":24},"end":{"line":224,"column":65}},"90":{"start":{"line":225,"column":24},"end":{"line":225,"column":52}},"91":{"start":{"line":228,"column":24},"end":{"line":228,"column":48}},"92":{"start":{"line":229,"column":24},"end":{"line":229,"column":47}},"93":{"start":{"line":233,"column":16},"end":{"line":233,"column":39}},"94":{"start":{"line":234,"column":16},"end":{"line":234,"column":52}},"95":{"start":{"line":235,"column":16},"end":{"line":235,"column":57}},"96":{"start":{"line":236,"column":16},"end":{"line":236,"column":51}},"97":{"start":{"line":238,"column":16},"end":{"line":238,"column":49}},"98":{"start":{"line":239,"column":16},"end":{"line":239,"column":122}},"99":{"start":{"line":240,"column":16},"end":{"line":240,"column":134}},"100":{"start":{"line":241,"column":16},"end":{"line":241,"column":121}},"101":{"start":{"line":243,"column":16},"end":{"line":243,"column":33}},"102":{"start":{"line":250,"column":16},"end":{"line":250,"column":48}},"103":{"start":{"line":251,"column":16},"end":{"line":259,"column":23}},"104":{"start":{"line":253,"column":24},"end":{"line":255,"column":25}},"105":{"start":{"line":254,"column":28},"end":{"line":254,"column":66}},"106":{"start":{"line":256,"column":24},"end":{"line":258,"column":27}},"107":{"start":{"line":262,"column":16},"end":{"line":267,"column":18}},"108":{"start":{"line":268,"column":16},"end":{"line":268,"column":41}},"109":{"start":{"line":270,"column":16},"end":{"line":285,"column":23}},"110":{"start":{"line":272,"column":24},"end":{"line":272,"column":78}},"111":{"start":{"line":273,"column":24},"end":{"line":273,"column":61}},"112":{"start":{"line":275,"column":24},"end":{"line":275,"column":75}},"113":{"start":{"line":278,"column":24},"end":{"line":279,"column":68}},"114":{"start":{"line":280,"column":24},"end":{"line":280,"column":67}},"115":{"start":{"line":283,"column":24},"end":{"line":283,"column":48}},"116":{"start":{"line":284,"column":24},"end":{"line":284,"column":47}}},"branchMap":{"1":{"line":36,"type":"if","locations":[{"start":{"line":36,"column":24},"end":{"line":36,"column":24}},{"start":{"line":36,"column":24},"end":{"line":36,"column":24}}]},"2":{"line":40,"type":"if","locations":[{"start":{"line":40,"column":24},"end":{"line":40,"column":24}},{"start":{"line":40,"column":24},"end":{"line":40,"column":24}}]},"3":{"line":46,"type":"if","locations":[{"start":{"line":46,"column":32},"end":{"line":46,"column":32}},{"start":{"line":46,"column":32},"end":{"line":46,"column":32}}]},"4":{"line":137,"type":"binary-expr","locations":[{"start":{"line":137,"column":28},"end":{"line":137,"column":51}},{"start":{"line":137,"column":55},"end":{"line":137,"column":57}}]},"5":{"line":144,"type":"binary-expr","locations":[{"start":{"line":144,"column":44},"end":{"line":144,"column":61}},{"start":{"line":144,"column":65},"end":{"line":144,"column":67}}]},"6":{"line":153,"type":"binary-expr","locations":[{"start":{"line":153,"column":28},"end":{"line":153,"column":54}},{"start":{"line":153,"column":58},"end":{"line":153,"column":60}}]},"7":{"line":253,"type":"if","locations":[{"start":{"line":253,"column":24},"end":{"line":253,"column":24}},{"start":{"line":253,"column":24},"end":{"line":253,"column":24}}]},"8":{"line":272,"type":"binary-expr","locations":[{"start":{"line":272,"column":49},"end":{"line":272,"column":71}},{"start":{"line":272,"column":75},"end":{"line":272,"column":77}}]}},"l":{"3":1,"5":1,"7":1,"8":1,"9":1,"10":1,"11":1,"14":1,"17":1,"19":1,"20":25,"22":2,"24":2,"31":2,"32":2,"34":2,"36":1,"37":0,"39":1,"40":1,"41":0,"42":0,"46":0,"47":0,"49":0,"56":1,"67":0,"68":0,"69":0,"70":0,"71":0,"74":0,"75":0,"76":0,"77":0,"78":0,"79":0,"80":0,"81":0,"84":0,"90":0,"94":0,"97":0,"99":0,"100":0,"102":0,"103":0,"105":0,"106":0,"108":0,"109":0,"111":0,"112":0,"114":0,"115":0,"117":0,"118":0,"119":0,"121":0,"129":0,"130":0,"131":0,"133":0,"136":0,"138":0,"144":0,"145":0,"151":0,"154":0,"163":0,"171":0,"174":0,"175":0,"180":1,"183":0,"190":1,"193":1,"195":1,"197":1,"199":1,"203":0,"205":0,"208":1,"209":1,"213":1,"215":1,"217":1,"219":1,"223":0,"225":0,"228":1,"229":1,"233":0,"234":0,"235":0,"236":0,"238":0,"239":0,"240":0,"241":0,"243":0,"250":1,"251":1,"253":0,"254":0,"256":0,"262":0,"268":0,"270":0,"272":0,"273":0,"275":0,"278":0,"280":0,"283":0,"284":0}},
"C:\\Users\\Darin-PC\\Desktop\\TeamProject\\Teamwork\\server\\controllers\\publisher-controller.js":{"path":"C:\\Users\\Darin-PC\\Desktop\\TeamProject\\Teamwork\\server\\controllers\\publisher-controller.js","s":{"1":1,"2":1,"3":1,"4":20,"5":1,"6":0,"7":0,"8":0,"9":0,"10":0,"11":0,"12":1,"13":0,"14":0,"15":0,"16":0,"17":0,"18":0,"19":0,"20":0,"21":0,"22":0,"23":0},"b":{"1":[0,0],"2":[0,0]},"f":{"1":20,"2":1,"3":0,"4":1,"5":0},"fnMap":{"1":{"name":"(anonymous_1)","line":4,"loc":{"start":{"line":4,"column":17},"end":{"line":4,"column":32}}},"2":{"name":"(anonymous_2)","line":6,"loc":{"start":{"line":6,"column":14},"end":{"line":6,"column":25}}},"3":{"name":"(anonymous_3)","line":15,"loc":{"start":{"line":15,"column":15},"end":{"line":15,"column":26}}},"4":{"name":"(anonymous_4)","line":28,"loc":{"start":{"line":28,"column":32},"end":{"line":28,"column":43}}},"5":{"name":"(anonymous_5)","line":38,"loc":{"start":{"line":38,"column":22},"end":{"line":38,"column":33}}}},"statementMap":{"1":{"start":{"line":1,"column":0},"end":{"line":1,"column":29}},"2":{"start":{"line":2,"column":0},"end":{"line":2,"column":33}},"3":{"start":{"line":4,"column":0},"end":{"line":65,"column":2}},"4":{"start":{"line":5,"column":4},"end":{"line":64,"column":6}},"5":{"start":{"line":7,"column":12},"end":{"line":13,"column":19}},"6":{"start":{"line":9,"column":20},"end":{"line":12,"column":27}},"7":{"start":{"line":16,"column":12},"end":{"line":16,"column":37}},"8":{"start":{"line":18,"column":12},"end":{"line":26,"column":19}},"9":{"start":{"line":20,"column":20},"end":{"line":22,"column":21}},"10":{"start":{"line":21,"column":24},"end":{"line":21,"column":62}},"11":{"start":{"line":23,"column":20},"end":{"line":25,"column":23}},"12":{"start":{"line":29,"column":12},"end":{"line":36,"column":19}},"13":{"start":{"line":32,"column":20},"end":{"line":35,"column":27}},"14":{"start":{"line":39,"column":16},"end":{"line":44,"column":18}},"15":{"start":{"line":45,"column":16},"end":{"line":45,"column":41}},"16":{"start":{"line":47,"column":16},"end":{"line":62,"column":23}},"17":{"start":{"line":49,"column":24},"end":{"line":49,"column":74}},"18":{"start":{"line":50,"column":24},"end":{"line":50,"column":59}},"19":{"start":{"line":52,"column":24},"end":{"line":52,"column":71}},"20":{"start":{"line":55,"column":24},"end":{"line":56,"column":68}},"21":{"start":{"line":57,"column":24},"end":{"line":57,"column":65}},"22":{"start":{"line":60,"column":24},"end":{"line":60,"column":48}},"23":{"start":{"line":61,"column":24},"end":{"line":61,"column":47}}},"branchMap":{"1":{"line":20,"type":"if","locations":[{"start":{"line":20,"column":20},"end":{"line":20,"column":20}},{"start":{"line":20,"column":20},"end":{"line":20,"column":20}}]},"2":{"line":49,"type":"binary-expr","locations":[{"start":{"line":49,"column":47},"end":{"line":49,"column":67}},{"start":{"line":49,"column":71},"end":{"line":49,"column":73}}]}},"l":{"1":1,"2":1,"4":1,"5":20,"7":1,"9":0,"16":0,"18":0,"20":0,"21":0,"23":0,"29":1,"32":0,"39":0,"45":0,"47":0,"49":0,"50":0,"52":0,"55":0,"57":0,"60":0,"61":0}},
"C:\\Users\\Darin-PC\\Desktop\\TeamProject\\Teamwork\\server\\controllers\\user-controller.js":{"path":"C:\\Users\\Darin-PC\\Desktop\\TeamProject\\Teamwork\\server\\controllers\\user-controller.js","s":{"1":1,"2":1,"3":20,"4":0,"5":0,"6":0,"7":0,"8":0,"9":0,"10":0,"11":0,"12":0,"13":0,"14":0,"15":0,"16":0,"17":0,"18":0,"19":0,"20":0,"21":0,"22":0,"23":0,"24":0,"25":0,"26":0,"27":0},"b":{"1":[0,0],"2":[0,0],"3":[0,0],"4":[0,0]},"f":{"1":20,"2":0,"3":0,"4":0,"5":0},"fnMap":{"1":{"name":"(anonymous_1)","line":3,"loc":{"start":{"line":3,"column":17},"end":{"line":3,"column":32}}},"2":{"name":"(anonymous_2)","line":5,"loc":{"start":{"line":5,"column":22},"end":{"line":5,"column":33}}},"3":{"name":"(anonymous_3)","line":8,"loc":{"start":{"line":8,"column":25},"end":{"line":8,"column":36}}},"4":{"name":"(anonymous_4)","line":11,"loc":{"start":{"line":11,"column":25},"end":{"line":11,"column":36}}},"5":{"name":"(anonymous_5)","line":43,"loc":{"start":{"line":43,"column":28},"end":{"line":43,"column":39}}}},"statementMap":{"1":{"start":{"line":1,"column":0},"end":{"line":1,"column":49}},"2":{"start":{"line":3,"column":0},"end":{"line":73,"column":2}},"3":{"start":{"line":4,"column":4},"end":{"line":72,"column":6}},"4":{"start":{"line":6,"column":12},"end":{"line":6,"column":46}},"5":{"start":{"line":9,"column":12},"end":{"line":9,"column":49}},"6":{"start":{"line":12,"column":12},"end":{"line":12,"column":40}},"7":{"start":{"line":13,"column":12},"end":{"line":13,"column":35}},"8":{"start":{"line":15,"column":12},"end":{"line":41,"column":19}},"9":{"start":{"line":17,"column":20},"end":{"line":17,"column":60}},"10":{"start":{"line":19,"column":20},"end":{"line":22,"column":21}},"11":{"start":{"line":19,"column":54},"end":{"line":19,"column":112}},"12":{"start":{"line":20,"column":24},"end":{"line":21,"column":58}},"13":{"start":{"line":23,"column":20},"end":{"line":29,"column":23}},"14":{"start":{"line":31,"column":20},"end":{"line":31,"column":55}},"15":{"start":{"line":34,"column":20},"end":{"line":35,"column":67}},"16":{"start":{"line":36,"column":20},"end":{"line":36,"column":48}},"17":{"start":{"line":39,"column":20},"end":{"line":39,"column":44}},"18":{"start":{"line":40,"column":20},"end":{"line":40,"column":43}},"19":{"start":{"line":45,"column":12},"end":{"line":45,"column":35}},"20":{"start":{"line":47,"column":12},"end":{"line":70,"column":19}},"21":{"start":{"line":49,"column":20},"end":{"line":49,"column":61}},"22":{"start":{"line":51,"column":20},"end":{"line":58,"column":21}},"23":{"start":{"line":52,"column":24},"end":{"line":57,"column":25}},"24":{"start":{"line":53,"column":28},"end":{"line":53,"column":52}},"25":{"start":{"line":54,"column":28},"end":{"line":54,"column":56}},"26":{"start":{"line":55,"column":28},"end":{"line":55,"column":45}},"27":{"start":{"line":60,"column":20},"end":{"line":60,"column":48}}},"branchMap":{"1":{"line":17,"type":"binary-expr","locations":[{"start":{"line":17,"column":38},"end":{"line":17,"column":53}},{"start":{"line":17,"column":57},"end":{"line":17,"column":59}}]},"2":{"line":19,"type":"if","locations":[{"start":{"line":19,"column":20},"end":{"line":19,"column":20}},{"start":{"line":19,"column":20},"end":{"line":19,"column":20}}]},"3":{"line":49,"type":"binary-expr","locations":[{"start":{"line":49,"column":39},"end":{"line":49,"column":54}},{"start":{"line":49,"column":58},"end":{"line":49,"column":60}}]},"4":{"line":52,"type":"if","locations":[{"start":{"line":52,"column":24},"end":{"line":52,"column":24}},{"start":{"line":52,"column":24},"end":{"line":52,"column":24}}]}},"l":{"1":1,"3":1,"4":20,"6":0,"9":0,"12":0,"13":0,"15":0,"17":0,"19":0,"20":0,"23":0,"31":0,"34":0,"36":0,"39":0,"40":0,"45":0,"47":0,"49":0,"51":0,"52":0,"53":0,"54":0,"55":0,"60":0}},
"C:\\Users\\Darin-PC\\Desktop\\TeamProject\\Teamwork\\server\\data\\data.js":{"path":"C:\\Users\\Darin-PC\\Desktop\\TeamProject\\Teamwork\\server\\data\\data.js","s":{"1":0,"2":0,"3":0,"4":0,"5":0,"6":0,"7":0,"8":0},"b":{},"f":{},"fnMap":{},"statementMap":{"1":{"start":{"line":1,"column":0},"end":{"line":1,"column":50}},"2":{"start":{"line":2,"column":0},"end":{"line":2,"column":46}},"3":{"start":{"line":3,"column":0},"end":{"line":3,"column":50}},"4":{"start":{"line":4,"column":0},"end":{"line":4,"column":38}},"5":{"start":{"line":5,"column":0},"end":{"line":5,"column":36}},"6":{"start":{"line":7,"column":0},"end":{"line":15,"column":2}},"7":{"start":{"line":8,"column":4},"end":{"line":14,"column":7}},"8":{"start":{"line":17,"column":0},"end":{"line":17,"column":26}}},"branchMap":{},"l":{"1":0,"2":0,"3":0,"4":0,"5":0,"7":0,"8":0,"17":0}},
"C:\\Users\\Darin-PC\\Desktop\\TeamProject\\Teamwork\\server\\data\\destination-data.js":{"path":"C:\\Users\\Darin-PC\\Desktop\\TeamProject\\Teamwork\\server\\data\\destination-data.js","s":{"1":0,"2":0,"3":0,"4":0,"5":0,"6":0,"7":0},"b":{},"f":{"1":0,"2":0},"fnMap":{"1":{"name":"(anonymous_1)","line":6,"loc":{"start":{"line":6,"column":15},"end":{"line":6,"column":20}}},"2":{"name":"(anonymous_2)","line":10,"loc":{"start":{"line":10,"column":11},"end":{"line":10,"column":16}}}},"statementMap":{"1":{"start":{"line":1,"column":0},"end":{"line":1,"column":45}},"2":{"start":{"line":2,"column":0},"end":{"line":2,"column":49}},"3":{"start":{"line":3,"column":0},"end":{"line":3,"column":64}},"4":{"start":{"line":7,"column":8},"end":{"line":7,"column":54}},"5":{"start":{"line":11,"column":8},"end":{"line":11,"column":74}},"6":{"start":{"line":13,"column":8},"end":{"line":13,"column":22}},"7":{"start":{"line":17,"column":0},"end":{"line":17,"column":33}}},"branchMap":{},"l":{"1":0,"2":0,"3":0,"7":0,"11":0,"13":0,"17":0}},
"C:\\Users\\Darin-PC\\Desktop\\TeamProject\\Teamwork\\server\\data\\guide-data.js":{"path":"C:\\Users\\Darin-PC\\Desktop\\TeamProject\\Teamwork\\server\\data\\guide-data.js","s":{"1":0,"2":0,"3":0,"4":0,"5":0,"6":0,"7":0},"b":{},"f":{"1":0,"2":0},"fnMap":{"1":{"name":"(anonymous_1)","line":6,"loc":{"start":{"line":6,"column":15},"end":{"line":6,"column":20}}},"2":{"name":"(anonymous_2)","line":10,"loc":{"start":{"line":10,"column":11},"end":{"line":10,"column":16}}}},"statementMap":{"1":{"start":{"line":1,"column":0},"end":{"line":1,"column":45}},"2":{"start":{"line":2,"column":0},"end":{"line":2,"column":49}},"3":{"start":{"line":3,"column":0},"end":{"line":3,"column":53}},"4":{"start":{"line":7,"column":8},"end":{"line":7,"column":42}},"5":{"start":{"line":11,"column":8},"end":{"line":11,"column":74}},"6":{"start":{"line":13,"column":8},"end":{"line":13,"column":22}},"7":{"start":{"line":17,"column":0},"end":{"line":17,"column":27}}},"branchMap":{},"l":{"1":0,"2":0,"3":0,"7":0,"11":0,"13":0,"17":0}},
"C:\\Users\\Darin-PC\\Desktop\\TeamProject\\Teamwork\\server\\data\\index.js":{"path":"C:\\Users\\Darin-PC\\Desktop\\TeamProject\\Teamwork\\server\\data\\index.js","s":{"1":0},"b":{},"f":{},"fnMap":{},"statementMap":{"1":{"start":{"line":1,"column":0},"end":{"line":1,"column":35}}},"branchMap":{},"l":{"1":0}},
"C:\\Users\\Darin-PC\\Desktop\\TeamProject\\Teamwork\\server\\data\\publication-data.js":{"path":"C:\\Users\\Darin-PC\\Desktop\\TeamProject\\Teamwork\\server\\data\\publication-data.js","s":{"1":0,"2":0,"3":0,"4":0,"5":0,"6":0,"7":0,"8":0,"9":0,"10":0,"11":0},"b":{},"f":{"1":0,"2":0,"3":0,"4":0},"fnMap":{"1":{"name":"(anonymous_1)","line":6,"loc":{"start":{"line":6,"column":15},"end":{"line":6,"column":20}}},"2":{"name":"(anonymous_2)","line":10,"loc":{"start":{"line":10,"column":11},"end":{"line":10,"column":16}}},"3":{"name":"(anonymous_3)","line":16,"loc":{"start":{"line":16,"column":15},"end":{"line":16,"column":24}}},"4":{"name":"(anonymous_4)","line":24,"loc":{"start":{"line":24,"column":13},"end":{"line":24,"column":21}}}},"statementMap":{"1":{"start":{"line":1,"column":0},"end":{"line":1,"column":49}},"2":{"start":{"line":2,"column":0},"end":{"line":2,"column":45}},"3":{"start":{"line":3,"column":0},"end":{"line":3,"column":64}},"4":{"start":{"line":7,"column":8},"end":{"line":7,"column":54}},"5":{"start":{"line":11,"column":8},"end":{"line":11,"column":74}},"6":{"start":{"line":13,"column":8},"end":{"line":13,"column":22}},"7":{"start":{"line":17,"column":8},"end":{"line":19,"column":62}},"8":{"start":{"line":21,"column":8},"end":{"line":21,"column":22}},"9":{"start":{"line":25,"column":8},"end":{"line":29,"column":19}},"10":{"start":{"line":30,"column":8},"end":{"line":30,"column":22}},"11":{"start":{"line":34,"column":0},"end":{"line":34,"column":33}}},"branchMap":{},"l":{"1":0,"2":0,"3":0,"7":0,"11":0,"13":0,"17":0,"21":0,"25":0,"30":0,"34":0}},
"C:\\Users\\Darin-PC\\Desktop\\TeamProject\\Teamwork\\server\\data\\publisher-data.js":{"path":"C:\\Users\\Darin-PC\\Desktop\\TeamProject\\Teamwork\\server\\data\\publisher-data.js","s":{"1":0,"2":0,"3":0,"4":0,"5":0,"6":0,"7":0,"8":0,"9":0},"b":{},"f":{"1":0,"2":0,"3":0},"fnMap":{"1":{"name":"(anonymous_1)","line":6,"loc":{"start":{"line":6,"column":15},"end":{"line":6,"column":20}}},"2":{"name":"(anonymous_2)","line":10,"loc":{"start":{"line":10,"column":11},"end":{"line":10,"column":16}}},"3":{"name":"(anonymous_3)","line":16,"loc":{"start":{"line":16,"column":28},"end":{"line":16,"column":36}}}},"statementMap":{"1":{"start":{"line":1,"column":0},"end":{"line":1,"column":45}},"2":{"start":{"line":2,"column":0},"end":{"line":2,"column":49}},"3":{"start":{"line":3,"column":0},"end":{"line":3,"column":60}},"4":{"start":{"line":7,"column":8},"end":{"line":7,"column":50}},"5":{"start":{"line":11,"column":8},"end":{"line":11,"column":74}},"6":{"start":{"line":13,"column":8},"end":{"line":13,"column":22}},"7":{"start":{"line":17,"column":8},"end":{"line":22,"column":19}},"8":{"start":{"line":23,"column":8},"end":{"line":23,"column":22}},"9":{"start":{"line":27,"column":0},"end":{"line":27,"column":31}}},"branchMap":{},"l":{"1":0,"2":0,"3":0,"7":0,"11":0,"13":0,"17":0,"23":0,"27":0}},
"C:\\Users\\Darin-PC\\Desktop\\TeamProject\\Teamwork\\server\\data\\user-data.js":{"path":"C:\\Users\\Darin-PC\\Desktop\\TeamProject\\Teamwork\\server\\data\\user-data.js","s":{"1":0,"2":0,"3":0,"4":0,"5":0,"6":0,"7":0,"8":0,"9":0},"b":{},"f":{"1":0,"2":0,"3":0},"fnMap":{"1":{"name":"(anonymous_1)","line":6,"loc":{"start":{"line":6,"column":15},"end":{"line":6,"column":20}}},"2":{"name":"(anonymous_2)","line":10,"loc":{"start":{"line":10,"column":18},"end":{"line":10,"column":29}}},"3":{"name":"(anonymous_3)","line":18,"loc":{"start":{"line":18,"column":12},"end":{"line":18,"column":17}}}},"statementMap":{"1":{"start":{"line":1,"column":0},"end":{"line":1,"column":49}},"2":{"start":{"line":2,"column":0},"end":{"line":2,"column":45}},"3":{"start":{"line":3,"column":0},"end":{"line":3,"column":50}},"4":{"start":{"line":7,"column":8},"end":{"line":7,"column":40}},"5":{"start":{"line":11,"column":8},"end":{"line":13,"column":11}},"6":{"start":{"line":15,"column":8},"end":{"line":15,"column":22}},"7":{"start":{"line":19,"column":8},"end":{"line":21,"column":11}},"8":{"start":{"line":23,"column":8},"end":{"line":23,"column":22}},"9":{"start":{"line":45,"column":0},"end":{"line":45,"column":27}}},"branchMap":{},"l":{"1":0,"2":0,"3":0,"7":0,"11":0,"15":0,"19":0,"23":0,"45":0}},
"C:\\Users\\Darin-PC\\Desktop\\TeamProject\\Teamwork\\server\\data\\base\\base-data.js":{"path":"C:\\Users\\Darin-PC\\Desktop\\TeamProject\\Teamwork\\server\\data\\base\\base-data.js","s":{"1":1,"2":3,"3":3,"4":3,"5":3,"6":3,"7":2,"8":2,"9":1,"10":4,"11":1,"12":1,"13":0,"14":0,"15":0,"16":0,"17":0,"18":0,"19":0,"20":0,"21":0,"22":0,"23":0,"24":0,"25":0,"26":0,"27":0,"28":0,"29":3,"30":1},"b":{"1":[1,1],"2":[0,0],"3":[0,0],"4":[0,0],"5":[0,0]},"f":{"1":3,"2":2,"3":1,"4":0,"5":0,"6":0,"7":0,"8":0,"9":0,"10":3},"fnMap":{"1":{"name":"(anonymous_1)","line":4,"loc":{"start":{"line":4,"column":15},"end":{"line":4,"column":43}}},"2":{"name":"(anonymous_2)","line":12,"loc":{"start":{"line":12,"column":10},"end":{"line":12,"column":13}}},"3":{"name":"(anonymous_3)","line":24,"loc":{"start":{"line":24,"column":12},"end":{"line":24,"column":20}}},"4":{"name":"(anonymous_4)","line":28,"loc":{"start":{"line":28,"column":10},"end":{"line":28,"column":18}}},"5":{"name":"(anonymous_5)","line":39,"loc":{"start":{"line":39,"column":18},"end":{"line":39,"column":26}}},"6":{"name":"(anonymous_6)","line":54,"loc":{"start":{"line":54,"column":14},"end":{"line":54,"column":22}}},"7":{"name":"(anonymous_7)","line":60,"loc":{"start":{"line":60,"column":14},"end":{"line":60,"column":19}}},"8":{"name":"(anonymous_8)","line":64,"loc":{"start":{"line":64,"column":17},"end":{"line":64,"column":35}}},"9":{"name":"(anonymous_9)","line":68,"loc":{"start":{"line":68,"column":17},"end":{"line":68,"column":25}}},"10":{"name":"(anonymous_10)","line":77,"loc":{"start":{"line":77,"column":22},"end":{"line":77,"column":25}}}},"statementMap":{"1":{"start":{"line":1,"column":0},"end":{"line":1,"column":49}},"2":{"start":{"line":5,"column":8},"end":{"line":5,"column":21}},"3":{"start":{"line":6,"column":8},"end":{"line":6,"column":37}},"4":{"start":{"line":7,"column":8},"end":{"line":7,"column":35}},"5":{"start":{"line":8,"column":8},"end":{"line":8,"column":56}},"6":{"start":{"line":9,"column":8},"end":{"line":9,"column":66}},"7":{"start":{"line":13,"column":8},"end":{"line":21,"column":15}},"8":{"start":{"line":16,"column":16},"end":{"line":19,"column":17}},"9":{"start":{"line":17,"column":24},"end":{"line":18,"column":68}},"10":{"start":{"line":18,"column":32},"end":{"line":18,"column":66}},"11":{"start":{"line":20,"column":16},"end":{"line":20,"column":30}},"12":{"start":{"line":25,"column":8},"end":{"line":25,"column":53}},"13":{"start":{"line":29,"column":8},"end":{"line":31,"column":9}},"14":{"start":{"line":30,"column":12},"end":{"line":30,"column":53}},"15":{"start":{"line":33,"column":8},"end":{"line":36,"column":15}},"16":{"start":{"line":35,"column":16},"end":{"line":35,"column":29}},"17":{"start":{"line":40,"column":8},"end":{"line":51,"column":15}},"18":{"start":{"line":42,"column":16},"end":{"line":48,"column":17}},"19":{"start":{"line":43,"column":20},"end":{"line":43,"column":31}},"20":{"start":{"line":44,"column":20},"end":{"line":47,"column":27}},"21":{"start":{"line":46,"column":28},"end":{"line":46,"column":41}},"22":{"start":{"line":50,"column":16},"end":{"line":50,"column":29}},"23":{"start":{"line":55,"column":8},"end":{"line":57,"column":18}},"24":{"start":{"line":61,"column":8},"end":{"line":61,"column":58}},"25":{"start":{"line":65,"column":8},"end":{"line":65,"column":54}},"26":{"start":{"line":69,"column":8},"end":{"line":72,"column":9}},"27":{"start":{"line":71,"column":12},"end":{"line":71,"column":24}},"28":{"start":{"line":74,"column":8},"end":{"line":74,"column":45}},"29":{"start":{"line":78,"column":8},"end":{"line":78,"column":56}},"30":{"start":{"line":82,"column":0},"end":{"line":82,"column":26}}},"branchMap":{"1":{"line":16,"type":"if","locations":[{"start":{"line":16,"column":16},"end":{"line":16,"column":16}},{"start":{"line":16,"column":16},"end":{"line":16,"column":16}}]},"2":{"line":29,"type":"if","locations":[{"start":{"line":29,"column":8},"end":{"line":29,"column":8}},{"start":{"line":29,"column":8},"end":{"line":29,"column":8}}]},"3":{"line":42,"type":"if","locations":[{"start":{"line":42,"column":16},"end":{"line":42,"column":16}},{"start":{"line":42,"column":16},"end":{"line":42,"column":16}}]},"4":{"line":69,"type":"if","locations":[{"start":{"line":69,"column":8},"end":{"line":69,"column":8}},{"start":{"line":69,"column":8},"end":{"line":69,"column":8}}]},"5":{"line":69,"type":"binary-expr","locations":[{"start":{"line":69,"column":12},"end":{"line":69,"column":49}},{"start":{"line":70,"column":12},"end":{"line":70,"column":56}}]}},"l":{"1":1,"5":3,"6":3,"7":3,"8":3,"9":3,"13":2,"16":2,"17":1,"18":4,"20":1,"25":1,"29":0,"30":0,"33":0,"35":0,"40":0,"42":0,"43":0,"44":0,"46":0,"50":0,"55":0,"61":0,"65":0,"69":0,"71":0,"74":0,"78":3,"82":1}},
"C:\\Users\\Darin-PC\\Desktop\\TeamProject\\Teamwork\\server\\db\\db.js":{"path":"C:\\Users\\Darin-PC\\Desktop\\TeamProject\\Teamwork\\server\\db\\db.js","s":{"1":0,"2":0,"3":0,"4":0,"5":0},"b":{},"f":{},"fnMap":{},"statementMap":{"1":{"start":{"line":1,"column":0},"end":{"line":1,"column":35}},"2":{"start":{"line":2,"column":0},"end":{"line":2,"column":40}},"3":{"start":{"line":4,"column":0},"end":{"line":6,"column":2}},"4":{"start":{"line":5,"column":4},"end":{"line":5,"column":49}},"5":{"start":{"line":8,"column":0},"end":{"line":8,"column":26}}},"branchMap":{},"l":{"1":0,"2":0,"4":0,"5":0,"8":0}},
"C:\\Users\\Darin-PC\\Desktop\\TeamProject\\Teamwork\\server\\db\\index.js":{"path":"C:\\Users\\Darin-PC\\Desktop\\TeamProject\\Teamwork\\server\\db\\index.js","s":{"1":0},"b":{},"f":{},"fnMap":{},"statementMap":{"1":{"start":{"line":1,"column":0},"end":{"line":1,"column":34}}},"branchMap":{},"l":{"1":0}},
"C:\\Users\\Darin-PC\\Desktop\\TeamProject\\Teamwork\\server\\models\\destination-model.js":{"path":"C:\\Users\\Darin-PC\\Desktop\\TeamProject\\Teamwork\\server\\models\\destination-model.js","s":{"1":0,"2":0,"3":0,"4":0,"5":0,"6":0,"7":0},"b":{"1":[0,0,0]},"f":{"1":0,"2":0,"3":0},"fnMap":{"1":{"name":"(anonymous_1)","line":2,"loc":{"start":{"line":2,"column":18},"end":{"line":2,"column":26}}},"2":{"name":"(anonymous_2)","line":8,"loc":{"start":{"line":8,"column":22},"end":{"line":8,"column":30}}},"3":{"name":"(anonymous_3)","line":19,"loc":{"start":{"line":19,"column":11},"end":{"line":19,"column":14}}}},"statementMap":{"1":{"start":{"line":3,"column":8},"end":{"line":5,"column":39}},"2":{"start":{"line":9,"column":8},"end":{"line":9,"column":44}},"3":{"start":{"line":11,"column":8},"end":{"line":14,"column":15}},"4":{"start":{"line":13,"column":16},"end":{"line":13,"column":46}},"5":{"start":{"line":16,"column":8},"end":{"line":16,"column":25}},"6":{"start":{"line":20,"column":8},"end":{"line":20,"column":24}},"7":{"start":{"line":24,"column":0},"end":{"line":24,"column":29}}},"branchMap":{"1":{"line":3,"type":"binary-expr","locations":[{"start":{"line":3,"column":15},"end":{"line":3,"column":43}},{"start":{"line":4,"column":8},"end":{"line":4,"column":45}},{"start":{"line":5,"column":8},"end":{"line":5,"column":38}}]}},"l":{"3":0,"9":0,"11":0,"13":0,"16":0,"20":0,"24":0}},
"C:\\Users\\Darin-PC\\Desktop\\TeamProject\\Teamwork\\server\\models\\guides-model.js":{"path":"C:\\Users\\Darin-PC\\Desktop\\TeamProject\\Teamwork\\server\\models\\guides-model.js","s":{"1":0,"2":0,"3":0,"4":0,"5":0,"6":0,"7":0},"b":{"1":[0,0,0]},"f":{"1":0,"2":0,"3":0},"fnMap":{"1":{"name":"(anonymous_1)","line":2,"loc":{"start":{"line":2,"column":18},"end":{"line":2,"column":26}}},"2":{"name":"(anonymous_2)","line":8,"loc":{"start":{"line":8,"column":22},"end":{"line":8,"column":30}}},"3":{"name":"(anonymous_3)","line":19,"loc":{"start":{"line":19,"column":11},"end":{"line":19,"column":14}}}},"statementMap":{"1":{"start":{"line":3,"column":8},"end":{"line":5,"column":43}},"2":{"start":{"line":9,"column":8},"end":{"line":9,"column":38}},"3":{"start":{"line":11,"column":8},"end":{"line":14,"column":15}},"4":{"start":{"line":13,"column":16},"end":{"line":13,"column":46}},"5":{"start":{"line":16,"column":8},"end":{"line":16,"column":25}},"6":{"start":{"line":20,"column":8},"end":{"line":20,"column":24}},"7":{"start":{"line":24,"column":0},"end":{"line":24,"column":23}}},"branchMap":{"1":{"line":3,"type":"binary-expr","locations":[{"start":{"line":3,"column":15},"end":{"line":3,"column":43}},{"start":{"line":4,"column":12},"end":{"line":4,"column":43}},{"start":{"line":5,"column":12},"end":{"line":5,"column":42}}]}},"l":{"3":0,"9":0,"11":0,"13":0,"16":0,"20":0,"24":0}},
"C:\\Users\\Darin-PC\\Desktop\\TeamProject\\Teamwork\\server\\models\\publication-model.js":{"path":"C:\\Users\\Darin-PC\\Desktop\\TeamProject\\Teamwork\\server\\models\\publication-model.js","s":{"1":0,"2":0,"3":0,"4":0,"5":0,"6":0,"7":0},"b":{"1":[0,0,0,0,0,0,0,0]},"f":{"1":0,"2":0,"3":0},"fnMap":{"1":{"name":"(anonymous_1)","line":19,"loc":{"start":{"line":19,"column":18},"end":{"line":19,"column":26}}},"2":{"name":"(anonymous_2)","line":30,"loc":{"start":{"line":30,"column":22},"end":{"line":30,"column":30}}},"3":{"name":"(anonymous_3)","line":41,"loc":{"start":{"line":41,"column":11},"end":{"line":41,"column":14}}}},"statementMap":{"1":{"start":{"line":20,"column":8},"end":{"line":27,"column":44}},"2":{"start":{"line":31,"column":8},"end":{"line":31,"column":44}},"3":{"start":{"line":33,"column":8},"end":{"line":36,"column":15}},"4":{"start":{"line":35,"column":16},"end":{"line":35,"column":46}},"5":{"start":{"line":38,"column":8},"end":{"line":38,"column":25}},"6":{"start":{"line":42,"column":8},"end":{"line":42,"column":24}},"7":{"start":{"line":46,"column":0},"end":{"line":46,"column":29}}},"branchMap":{"1":{"line":20,"type":"binary-expr","locations":[{"start":{"line":20,"column":15},"end":{"line":20,"column":43}},{"start":{"line":21,"column":12},"end":{"line":21,"column":43}},{"start":{"line":22,"column":12},"end":{"line":22,"column":47}},{"start":{"line":23,"column":12},"end":{"line":23,"column":51}},{"start":{"line":24,"column":12},"end":{"line":24,"column":49}},{"start":{"line":25,"column":12},"end":{"line":25,"column":43}},{"start":{"line":26,"column":12},"end":{"line":26,"column":43}},{"start":{"line":27,"column":12},"end":{"line":27,"column":43}}]}},"l":{"20":0,"31":0,"33":0,"35":0,"38":0,"42":0,"46":0}},
"C:\\Users\\Darin-PC\\Desktop\\TeamProject\\Teamwork\\server\\models\\publisher-model.js":{"path":"C:\\Users\\Darin-PC\\Desktop\\TeamProject\\Teamwork\\server\\models\\publisher-model.js","s":{"1":0,"2":0,"3":0,"4":0,"5":0,"6":0,"7":0},"b":{"1":[0,0,0]},"f":{"1":0,"2":0,"3":0},"fnMap":{"1":{"name":"(anonymous_1)","line":2,"loc":{"start":{"line":2,"column":18},"end":{"line":2,"column":26}}},"2":{"name":"(anonymous_2)","line":8,"loc":{"start":{"line":8,"column":22},"end":{"line":8,"column":30}}},"3":{"name":"(anonymous_3)","line":19,"loc":{"start":{"line":19,"column":11},"end":{"line":19,"column":14}}}},"statementMap":{"1":{"start":{"line":3,"column":8},"end":{"line":5,"column":43}},"2":{"start":{"line":9,"column":8},"end":{"line":9,"column":42}},"3":{"start":{"line":11,"column":8},"end":{"line":14,"column":15}},"4":{"start":{"line":13,"column":16},"end":{"line":13,"column":46}},"5":{"start":{"line":16,"column":8},"end":{"line":16,"column":25}},"6":{"start":{"line":20,"column":8},"end":{"line":20,"column":24}},"7":{"start":{"line":24,"column":0},"end":{"line":24,"column":27}}},"branchMap":{"1":{"line":3,"type":"binary-expr","locations":[{"start":{"line":3,"column":15},"end":{"line":3,"column":43}},{"start":{"line":4,"column":12},"end":{"line":4,"column":42}},{"start":{"line":5,"column":12},"end":{"line":5,"column":42}}]}},"l":{"3":0,"9":0,"11":0,"13":0,"16":0,"20":0,"24":0}},
"C:\\Users\\Darin-PC\\Desktop\\TeamProject\\Teamwork\\server\\models\\user-model.js":{"path":"C:\\Users\\Darin-PC\\Desktop\\TeamProject\\Teamwork\\server\\models\\user-model.js","s":{"1":0,"2":0,"3":0,"4":0,"5":0,"6":0,"7":0},"b":{"1":[0,0,0,0,0,0,0]},"f":{"1":0,"2":0,"3":0},"fnMap":{"1":{"name":"(anonymous_1)","line":2,"loc":{"start":{"line":2,"column":18},"end":{"line":2,"column":26}}},"2":{"name":"(anonymous_2)","line":12,"loc":{"start":{"line":12,"column":22},"end":{"line":12,"column":30}}},"3":{"name":"(anonymous_3)","line":23,"loc":{"start":{"line":23,"column":11},"end":{"line":23,"column":14}}}},"statementMap":{"1":{"start":{"line":3,"column":8},"end":{"line":9,"column":47}},"2":{"start":{"line":13,"column":8},"end":{"line":13,"column":37}},"3":{"start":{"line":15,"column":8},"end":{"line":18,"column":15}},"4":{"start":{"line":17,"column":16},"end":{"line":17,"column":46}},"5":{"start":{"line":20,"column":8},"end":{"line":20,"column":25}},"6":{"start":{"line":24,"column":8},"end":{"line":24,"column":24}},"7":{"start":{"line":28,"column":0},"end":{"line":28,"column":22}}},"branchMap":{"1":{"line":3,"type":"binary-expr","locations":[{"start":{"line":3,"column":15},"end":{"line":3,"column":43}},{"start":{"line":4,"column":12},"end":{"line":4,"column":46}},{"start":{"line":5,"column":12},"end":{"line":5,"column":37}},{"start":{"line":6,"column":12},"end":{"line":6,"column":46}},{"start":{"line":7,"column":12},"end":{"line":7,"column":37}},{"start":{"line":8,"column":12},"end":{"line":8,"column":47}},{"start":{"line":9,"column":12},"end":{"line":9,"column":46}}]}},"l":{"3":0,"13":0,"15":0,"17":0,"20":0,"24":0,"28":0}},
"C:\\Users\\Darin-PC\\Desktop\\TeamProject\\Teamwork\\server\\routers\\auth-routers.js":{"path":"C:\\Users\\Darin-PC\\Desktop\\TeamProject\\Teamwork\\server\\routers\\auth-routers.js","s":{"1":1,"2":1,"3":1,"4":20,"5":20,"6":20,"7":1,"8":1,"9":1,"10":1,"11":1,"12":20},"b":{},"f":{"1":20},"fnMap":{"1":{"name":"(anonymous_1)","line":6,"loc":{"start":{"line":6,"column":17},"end":{"line":6,"column":37}}}},"statementMap":{"1":{"start":{"line":1,"column":0},"end":{"line":1,"column":37}},"2":{"start":{"line":2,"column":0},"end":{"line":2,"column":38}},"3":{"start":{"line":6,"column":0},"end":{"line":34,"column":2}},"4":{"start":{"line":7,"column":4},"end":{"line":7,"column":32}},"5":{"start":{"line":8,"column":4},"end":{"line":8,"column":70}},"6":{"start":{"line":10,"column":4},"end":{"line":31,"column":11}},"7":{"start":{"line":12,"column":12},"end":{"line":12,"column":53}},"8":{"start":{"line":23,"column":12},"end":{"line":23,"column":56}},"9":{"start":{"line":26,"column":12},"end":{"line":26,"column":47}},"10":{"start":{"line":29,"column":12},"end":{"line":29,"column":25}},"11":{"start":{"line":30,"column":12},"end":{"line":30,"column":37}},"12":{"start":{"line":33,"column":4},"end":{"line":33,"column":25}}},"branchMap":{},"l":{"1":1,"2":1,"6":1,"7":20,"8":20,"10":20,"12":1,"23":1,"26":1,"29":1,"30":1,"33":20}},
"C:\\Users\\Darin-PC\\Desktop\\TeamProject\\Teamwork\\server\\routers\\chat-routers.js":{"path":"C:\\Users\\Darin-PC\\Desktop\\TeamProject\\Teamwork\\server\\routers\\chat-routers.js","s":{"1":1,"2":1,"3":20,"4":20,"5":20,"6":0,"7":20},"b":{},"f":{"1":20},"fnMap":{"1":{"name":"(anonymous_1)","line":3,"loc":{"start":{"line":3,"column":17},"end":{"line":3,"column":37}}}},"statementMap":{"1":{"start":{"line":1,"column":0},"end":{"line":1,"column":38}},"2":{"start":{"line":3,"column":0},"end":{"line":12,"column":2}},"3":{"start":{"line":4,"column":4},"end":{"line":4,"column":32}},"4":{"start":{"line":5,"column":4},"end":{"line":5,"column":71}},"5":{"start":{"line":7,"column":4},"end":{"line":10,"column":11}},"6":{"start":{"line":9,"column":12},"end":{"line":9,"column":49}},"7":{"start":{"line":11,"column":4},"end":{"line":11,"column":25}}},"branchMap":{},"l":{"1":1,"3":1,"4":20,"5":20,"7":20,"9":0,"11":20}},
"C:\\Users\\Darin-PC\\Desktop\\TeamProject\\Teamwork\\server\\routers\\destination-router.js":{"path":"C:\\Users\\Darin-PC\\Desktop\\TeamProject\\Teamwork\\server\\routers\\destination-router.js","s":{"1":1,"2":1,"3":20,"4":20,"5":20,"6":1,"7":1,"8":1,"9":20},"b":{},"f":{"1":20},"fnMap":{"1":{"name":"(anonymous_1)","line":3,"loc":{"start":{"line":3,"column":17},"end":{"line":3,"column":37}}}},"statementMap":{"1":{"start":{"line":1,"column":0},"end":{"line":1,"column":38}},"2":{"start":{"line":3,"column":0},"end":{"line":19,"column":2}},"3":{"start":{"line":4,"column":4},"end":{"line":4,"column":32}},"4":{"start":{"line":5,"column":4},"end":{"line":5,"column":78}},"5":{"start":{"line":7,"column":4},"end":{"line":16,"column":11}},"6":{"start":{"line":9,"column":12},"end":{"line":9,"column":47}},"7":{"start":{"line":12,"column":12},"end":{"line":12,"column":60}},"8":{"start":{"line":15,"column":12},"end":{"line":15,"column":48}},"9":{"start":{"line":18,"column":4},"end":{"line":18,"column":37}}},"branchMap":{},"l":{"1":1,"3":1,"4":20,"5":20,"7":20,"9":1,"12":1,"15":1,"18":20}},
"C:\\Users\\Darin-PC\\Desktop\\TeamProject\\Teamwork\\server\\routers\\home-routers.js":{"path":"C:\\Users\\Darin-PC\\Desktop\\TeamProject\\Teamwork\\server\\routers\\home-routers.js","s":{"1":1,"2":1,"3":20,"4":20,"5":20,"6":1,"7":1,"8":1,"9":1,"10":20},"b":{},"f":{"1":20},"fnMap":{"1":{"name":"(anonymous_1)","line":3,"loc":{"start":{"line":3,"column":17},"end":{"line":3,"column":37}}}},"statementMap":{"1":{"start":{"line":1,"column":0},"end":{"line":1,"column":38}},"2":{"start":{"line":3,"column":0},"end":{"line":22,"column":2}},"3":{"start":{"line":4,"column":4},"end":{"line":4,"column":32}},"4":{"start":{"line":5,"column":4},"end":{"line":5,"column":71}},"5":{"start":{"line":7,"column":4},"end":{"line":19,"column":11}},"6":{"start":{"line":9,"column":12},"end":{"line":9,"column":52}},"7":{"start":{"line":12,"column":12},"end":{"line":12,"column":52}},"8":{"start":{"line":15,"column":12},"end":{"line":15,"column":55}},"9":{"start":{"line":18,"column":12},"end":{"line":18,"column":56}},"10":{"start":{"line":21,"column":4},"end":{"line":21,"column":25}}},"branchMap":{},"l":{"1":1,"3":1,"4":20,"5":20,"7":20,"9":1,"12":1,"15":1,"18":1,"21":20}},
"C:\\Users\\Darin-PC\\Desktop\\TeamProject\\Teamwork\\server\\routers\\index.js":{"path":"C:\\Users\\Darin-PC\\Desktop\\TeamProject\\Teamwork\\server\\routers\\index.js","s":{"1":1},"b":{},"f":{},"fnMap":{},"statementMap":{"1":{"start":{"line":1,"column":0},"end":{"line":1,"column":38}}},"branchMap":{},"l":{"1":1}},
"C:\\Users\\Darin-PC\\Desktop\\TeamProject\\Teamwork\\server\\routers\\publications-routers.js":{"path":"C:\\Users\\Darin-PC\\Desktop\\TeamProject\\Teamwork\\server\\routers\\publications-routers.js","s":{"1":1,"2":1,"3":1,"4":20,"5":20,"6":20,"7":1,"8":0,"9":1,"10":1,"11":1,"12":0,"13":0,"14":0,"15":0,"16":0,"17":20},"b":{},"f":{"1":20},"fnMap":{"1":{"name":"(anonymous_1)","line":6,"loc":{"start":{"line":6,"column":17},"end":{"line":6,"column":37}}}},"statementMap":{"1":{"start":{"line":3,"column":0},"end":{"line":3,"column":38}},"2":{"start":{"line":4,"column":0},"end":{"line":4,"column":51}},"3":{"start":{"line":6,"column":0},"end":{"line":43,"column":2}},"4":{"start":{"line":7,"column":4},"end":{"line":7,"column":32}},"5":{"start":{"line":8,"column":4},"end":{"line":8,"column":79}},"6":{"start":{"line":10,"column":4},"end":{"line":40,"column":11}},"7":{"start":{"line":12,"column":12},"end":{"line":12,"column":47}},"8":{"start":{"line":15,"column":13},"end":{"line":15,"column":60}},"9":{"start":{"line":18,"column":12},"end":{"line":18,"column":62}},"10":{"start":{"line":21,"column":12},"end":{"line":21,"column":47}},"11":{"start":{"line":24,"column":12},"end":{"line":24,"column":48}},"12":{"start":{"line":27,"column":12},"end":{"line":27,"column":47}},"13":{"start":{"line":30,"column":12},"end":{"line":30,"column":56}},"14":{"start":{"line":33,"column":12},"end":{"line":33,"column":59}},"15":{"start":{"line":36,"column":12},"end":{"line":36,"column":51}},"16":{"start":{"line":39,"column":12},"end":{"line":39,"column":58}},"17":{"start":{"line":42,"column":4},"end":{"line":42,"column":37}}},"branchMap":{},"l":{"3":1,"4":1,"6":1,"7":20,"8":20,"10":20,"12":1,"15":0,"18":1,"21":1,"24":1,"27":0,"30":0,"33":0,"36":0,"39":0,"42":20}},
"C:\\Users\\Darin-PC\\Desktop\\TeamProject\\Teamwork\\server\\routers\\publisher-routers.js":{"path":"C:\\Users\\Darin-PC\\Desktop\\TeamProject\\Teamwork\\server\\routers\\publisher-routers.js","s":{"1":1,"2":1,"3":1,"4":20,"5":20,"6":20,"7":1,"8":1,"9":0,"10":0,"11":20},"b":{},"f":{"1":20},"fnMap":{"1":{"name":"(anonymous_1)","line":4,"loc":{"start":{"line":4,"column":17},"end":{"line":4,"column":37}}}},"statementMap":{"1":{"start":{"line":1,"column":0},"end":{"line":1,"column":38}},"2":{"start":{"line":2,"column":0},"end":{"line":2,"column":51}},"3":{"start":{"line":4,"column":0},"end":{"line":23,"column":2}},"4":{"start":{"line":5,"column":4},"end":{"line":5,"column":32}},"5":{"start":{"line":6,"column":4},"end":{"line":6,"column":76}},"6":{"start":{"line":8,"column":4},"end":{"line":20,"column":11}},"7":{"start":{"line":10,"column":12},"end":{"line":10,"column":47}},"8":{"start":{"line":13,"column":12},"end":{"line":13,"column":65}},"9":{"start":{"line":16,"column":12},"end":{"line":16,"column":48}},"10":{"start":{"line":19,"column":12},"end":{"line":19,"column":51}},"11":{"start":{"line":22,"column":4},"end":{"line":22,"column":35}}},"branchMap":{},"l":{"1":1,"2":1,"4":1,"5":20,"6":20,"8":20,"10":1,"13":1,"16":0,"19":0,"22":20}},
"C:\\Users\\Darin-PC\\Desktop\\TeamProject\\Teamwork\\server\\routers\\routers.js":{"path":"C:\\Users\\Darin-PC\\Desktop\\TeamProject\\Teamwork\\server\\routers\\routers.js","s":{"1":1,"2":1,"3":1,"4":20,"5":180,"6":140,"7":140,"8":1},"b":{},"f":{},"fnMap":{},"statementMap":{"1":{"start":{"line":3,"column":0},"end":{"line":3,"column":25}},"2":{"start":{"line":4,"column":0},"end":{"line":4,"column":29}},"3":{"start":{"line":6,"column":0},"end":{"line":13,"column":2}},"4":{"start":{"line":7,"column":4},"end":{"line":12,"column":11}},"5":{"start":{"line":8,"column":26},"end":{"line":8,"column":50}},"6":{"start":{"line":10,"column":12},"end":{"line":10,"column":58}},"7":{"start":{"line":11,"column":12},"end":{"line":11,"column":43}},"8":{"start":{"line":15,"column":0},"end":{"line":15,"column":28}}},"branchMap":{},"l":{"3":1,"4":1,"6":1,"7":20,"8":180,"10":140,"11":140,"15":1}},
"C:\\Users\\Darin-PC\\Desktop\\TeamProject\\Teamwork\\server\\routers\\user-routers.js":{"path":"C:\\Users\\Darin-PC\\Desktop\\TeamProject\\Teamwork\\server\\routers\\user-routers.js","s":{"1":1,"2":1,"3":1,"4":20,"5":20,"6":20,"7":0,"8":0,"9":0,"10":0,"11":20},"b":{},"f":{"1":20},"fnMap":{"1":{"name":"(anonymous_1)","line":4,"loc":{"start":{"line":4,"column":17},"end":{"line":4,"column":37}}}},"statementMap":{"1":{"start":{"line":1,"column":0},"end":{"line":1,"column":38}},"2":{"start":{"line":2,"column":0},"end":{"line":2,"column":51}},"3":{"start":{"line":4,"column":0},"end":{"line":23,"column":2}},"4":{"start":{"line":5,"column":4},"end":{"line":5,"column":32}},"5":{"start":{"line":6,"column":4},"end":{"line":6,"column":71}},"6":{"start":{"line":8,"column":4},"end":{"line":20,"column":11}},"7":{"start":{"line":10,"column":12},"end":{"line":10,"column":55}},"8":{"start":{"line":13,"column":12},"end":{"line":13,"column":58}},"9":{"start":{"line":16,"column":12},"end":{"line":16,"column":58}},"10":{"start":{"line":19,"column":12},"end":{"line":19,"column":61}},"11":{"start":{"line":22,"column":4},"end":{"line":22,"column":29}}},"branchMap":{},"l":{"1":1,"2":1,"4":1,"5":20,"6":20,"8":20,"10":0,"13":0,"16":0,"19":0,"22":20}},
"C:\\Users\\Darin-PC\\Desktop\\TeamProject\\Teamwork\\server.js":{"path":"C:\\Users\\Darin-PC\\Desktop\\TeamProject\\Teamwork\\server.js","s":{"1":0,"2":0,"3":0,"4":0,"5":0,"6":0,"7":0,"8":0,"9":0,"10":0,"11":0,"12":0,"13":0,"14":0,"15":0,"16":0,"17":0,"18":0,"19":0,"20":0,"21":0,"22":0,"23":0,"24":0,"25":0,"26":0},"b":{},"f":{"1":0,"2":0,"3":0},"fnMap":{"1":{"name":"(anonymous_1)","line":28,"loc":{"start":{"line":28,"column":30},"end":{"line":28,"column":45}}},"2":{"name":"(anonymous_2)","line":34,"loc":{"start":{"line":34,"column":32},"end":{"line":34,"column":47}}},"3":{"name":"(anonymous_3)","line":45,"loc":{"start":{"line":45,"column":40},"end":{"line":45,"column":51}}}},"statementMap":{"1":{"start":{"line":3,"column":0},"end":{"line":5,"column":2}},"2":{"start":{"line":4,"column":4},"end":{"line":4,"column":29}},"3":{"start":{"line":7,"column":0},"end":{"line":7,"column":50}},"4":{"start":{"line":8,"column":0},"end":{"line":8,"column":36}},"5":{"start":{"line":10,"column":0},"end":{"line":10,"column":19}},"6":{"start":{"line":13,"column":0},"end":{"line":57,"column":7}},"7":{"start":{"line":14,"column":12},"end":{"line":14,"column":64}},"8":{"start":{"line":15,"column":18},"end":{"line":15,"column":51}},"9":{"start":{"line":16,"column":20},"end":{"line":16,"column":57}},"10":{"start":{"line":18,"column":8},"end":{"line":19,"column":61}},"11":{"start":{"line":19,"column":12},"end":{"line":19,"column":59}},"12":{"start":{"line":23,"column":8},"end":{"line":23,"column":34}},"13":{"start":{"line":24,"column":8},"end":{"line":53,"column":11}},"14":{"start":{"line":25,"column":12},"end":{"line":25,"column":62}},"15":{"start":{"line":28,"column":12},"end":{"line":31,"column":15}},"16":{"start":{"line":30,"column":16},"end":{"line":30,"column":46}},"17":{"start":{"line":34,"column":12},"end":{"line":36,"column":15}},"18":{"start":{"line":35,"column":16},"end":{"line":35,"column":54}},"19":{"start":{"line":38,"column":16},"end":{"line":38,"column":29}},"20":{"start":{"line":39,"column":16},"end":{"line":41,"column":19}},"21":{"start":{"line":43,"column":16},"end":{"line":43,"column":62}},"22":{"start":{"line":45,"column":16},"end":{"line":52,"column":19}},"23":{"start":{"line":46,"column":20},"end":{"line":46,"column":33}},"24":{"start":{"line":47,"column":20},"end":{"line":49,"column":23}},"25":{"start":{"line":51,"column":20},"end":{"line":51,"column":66}},"26":{"start":{"line":56,"column":8},"end":{"line":56,"column":25}}},"branchMap":{},"l":{"3":0,"4":0,"7":0,"8":0,"10":0,"13":0,"14":0,"15":0,"16":0,"18":0,"19":0,"23":0,"24":0,"25":0,"28":0,"30":0,"34":0,"35":0,"38":0,"39":0,"43":0,"45":0,"46":0,"47":0,"51":0,"56":0}}}
