TN:
SF:C:\Users\Darin-PC\Desktop\TeamProject\Teamwork\server\config\app.js
FNF:0
FNH:0
DA:4,1
DA:6,1
DA:7,1
DA:8,1
DA:9,1
DA:11,1
DA:12,11
DA:14,11
DA:16,11
DA:17,11
DA:18,11
DA:22,11
DA:23,11
DA:24,11
DA:26,11
DA:28,11
DA:29,11
DA:30,11
DA:31,11
DA:34,11
DA:36,11
DA:37,1
DA:38,1
DA:41,11
DA:44,1
LF:25
LH:25
BRF:0
BRH:0
end_of_record
TN:
SF:C:\Users\Darin-PC\Desktop\TeamProject\Teamwork\server\config\index.js
FNF:0
FNH:0
DA:1,1
LF:1
LH:1
BRF:0
BRH:0
end_of_record
TN:
SF:C:\Users\Darin-PC\Desktop\TeamProject\Teamwork\server\config\auth\auth.js
FNF:0
FNH:0
DA:1,1
DA:2,1
DA:3,1
DA:4,1
DA:5,1
DA:6,1
DA:7,1
DA:9,1
DA:11,1
DA:13,11
DA:18,0
DA:20,0
DA:21,0
DA:24,0
DA:25,0
DA:29,0
DA:32,0
DA:33,0
DA:36,0
DA:40,11
DA:41,11
DA:44,11
DA:53,11
DA:54,11
DA:56,11
DA:57,0
DA:60,11
DA:61,0
DA:63,0
DA:68,11
DA:69,11
DA:73,11
DA:77,1
LF:33
LH:21
BRDA:20,1,0,0
BRDA:20,1,1,0
BRDA:24,2,0,0
BRDA:24,2,1,0
BRDA:32,3,0,0
BRDA:32,3,1,0
BRF:6
BRH:0
end_of_record
TN:
SF:C:\Users\Darin-PC\Desktop\TeamProject\Teamwork\server\config\auth\index.js
FNF:0
FNH:0
DA:1,1
LF:1
LH:1
BRF:0
BRH:0
end_of_record
TN:
SF:C:\Users\Darin-PC\Desktop\TeamProject\Teamwork\server\configurations\configurations.js
FNF:0
FNH:0
DA:14,1
DA:15,1
DA:16,1
DA:23,1
LF:4
LH:4
BRF:0
BRH:0
end_of_record
TN:
SF:C:\Users\Darin-PC\Desktop\TeamProject\Teamwork\server\configurations\index.js
FNF:0
FNH:0
DA:1,1
LF:1
LH:1
BRF:0
BRH:0
end_of_record
TN:
SF:C:\Users\Darin-PC\Desktop\TeamProject\Teamwork\server\controllers\auth-controller.js
FN:6,(anonymous_1)
FN:8,(anonymous_2)
FN:11,(anonymous_3)
FN:14,(anonymous_4)
FNF:4
FNH:4
FNDA:14,(anonymous_1)
FNDA:2,(anonymous_2)
FNDA:2,(anonymous_3)
FNDA:2,(anonymous_4)
DA:3,1
DA:4,1
DA:6,1
DA:7,14
DA:9,2
DA:12,2
DA:15,2
DA:16,2
DA:18,2
DA:30,2
DA:32,1
DA:33,0
DA:36,1
DA:37,1
DA:39,0
DA:44,1
DA:45,1
DA:46,0
DA:50,1
DA:52,1
DA:53,0
DA:58,1
DA:59,0
DA:63,1
DA:66,0
DA:69,1
DA:70,1
LF:27
LH:21
BRDA:32,1,0,0
BRDA:32,1,1,1
BRDA:37,2,0,0
BRDA:37,2,1,1
BRDA:37,3,0,1
BRDA:37,3,1,1
BRDA:45,4,0,0
BRDA:45,4,1,1
BRDA:52,5,0,0
BRDA:52,5,1,1
BRDA:58,6,0,0
BRDA:58,6,1,1
BRF:12
BRH:7
end_of_record
TN:
SF:C:\Users\Darin-PC\Desktop\TeamProject\Teamwork\server\controllers\chat-controller.js
FN:1,(anonymous_1)
FN:3,(anonymous_2)
FNF:2
FNH:1
FNDA:11,(anonymous_1)
FNDA:0,(anonymous_2)
DA:1,1
DA:2,11
DA:4,0
DA:5,0
LF:4
LH:2
BRF:0
BRH:0
end_of_record
TN:
SF:C:\Users\Darin-PC\Desktop\TeamProject\Teamwork\server\controllers\destination-controller.js
FN:1,(anonymous_1)
FN:3,(anonymous_2)
FN:12,(anonymous_3)
FN:26,(anonymous_4)
FNF:4
FNH:1
FNDA:11,(anonymous_1)
FNDA:0,(anonymous_2)
FNDA:0,(anonymous_3)
FNDA:0,(anonymous_4)
DA:1,1
DA:2,11
DA:4,0
DA:6,0
DA:13,0
DA:15,0
DA:17,0
DA:18,0
DA:20,0
DA:27,0
DA:29,0
DA:30,0
DA:32,0
LF:13
LH:2
BRDA:17,1,0,0
BRDA:17,1,1,0
BRDA:29,2,0,0
BRDA:29,2,1,0
BRF:4
BRH:0
end_of_record
TN:
SF:C:\Users\Darin-PC\Desktop\TeamProject\Teamwork\server\controllers\guide-controller.js
FN:1,(anonymous_1)
FN:3,(anonymous_2)
FN:12,(anonymous_3)
FNF:3
FNH:0
FNDA:0,(anonymous_1)
FNDA:0,(anonymous_2)
FNDA:0,(anonymous_3)
DA:1,0
DA:2,0
DA:4,0
DA:6,0
DA:13,0
DA:15,0
DA:17,0
DA:18,0
DA:20,0
LF:9
LH:0
BRDA:17,1,0,0
BRDA:17,1,1,0
BRF:2
BRH:0
end_of_record
TN:
SF:C:\Users\Darin-PC\Desktop\TeamProject\Teamwork\server\controllers\home-controller.js
FN:1,(anonymous_1)
FN:3,(anonymous_2)
FN:6,(anonymous_3)
FN:9,(anonymous_4)
FNF:4
FNH:3
FNDA:11,(anonymous_1)
FNDA:2,(anonymous_2)
FNDA:1,(anonymous_3)
FNDA:0,(anonymous_4)
DA:1,1
DA:2,11
DA:4,2
DA:7,1
DA:10,0
DA:11,0
LF:6
LH:4
BRF:0
BRH:0
end_of_record
TN:
SF:C:\Users\Darin-PC\Desktop\TeamProject\Teamwork\server\controllers\publications-controller.js
FN:19,(anonymous_1)
FN:21,(anonymous_2)
FN:30,(anonymous_3)
FN:61,(anonymous_4)
FN:67,(anonymous_5)
FN:75,(anonymous_6)
FN:179,(anonymous_7)
FN:189,(anonymous_8)
FN:192,(anonymous_9)
FN:212,(anonymous_10)
FN:232,(anonymous_11)
FN:249,(anonymous_12)
FN:261,(anonymous_13)
FNF:13
FNH:6
FNDA:16,(anonymous_1)
FNDA:2,(anonymous_2)
FNDA:2,(anonymous_3)
FNDA:0,(anonymous_4)
FNDA:0,(anonymous_5)
FNDA:0,(anonymous_6)
FNDA:0,(anonymous_7)
FNDA:1,(anonymous_8)
FNDA:1,(anonymous_9)
FNDA:1,(anonymous_10)
FNDA:0,(anonymous_11)
FNDA:0,(anonymous_12)
FNDA:0,(anonymous_13)
DA:3,1
DA:5,1
DA:7,1
DA:8,1
DA:9,1
DA:10,1
DA:11,1
DA:14,1
DA:17,1
DA:19,1
DA:20,16
DA:22,2
DA:24,2
DA:31,2
DA:32,2
DA:34,2
DA:36,1
DA:37,0
DA:39,1
DA:40,1
DA:41,0
DA:42,0
DA:46,0
DA:47,0
DA:49,0
DA:56,1
DA:67,0
DA:68,0
DA:69,0
DA:70,0
DA:71,0
DA:74,0
DA:75,0
DA:76,0
DA:77,0
DA:78,0
DA:79,0
DA:80,0
DA:81,0
DA:84,0
DA:90,0
DA:94,0
DA:97,0
DA:99,0
DA:100,0
DA:102,0
DA:103,0
DA:105,0
DA:106,0
DA:108,0
DA:109,0
DA:111,0
DA:112,0
DA:114,0
DA:115,0
DA:117,0
DA:118,0
DA:119,0
DA:121,0
DA:129,0
DA:130,0
DA:131,0
DA:133,0
DA:136,0
DA:138,0
DA:144,0
DA:145,0
DA:151,0
DA:154,0
DA:163,0
DA:171,0
DA:174,0
DA:175,0
DA:180,0
DA:183,0
DA:190,1
DA:193,1
DA:195,1
DA:197,1
DA:199,1
DA:203,0
DA:205,0
DA:208,1
DA:209,1
DA:213,1
DA:215,1
DA:217,1
DA:219,1
DA:223,0
DA:225,0
DA:228,1
DA:229,1
DA:233,0
DA:234,0
DA:235,0
DA:236,0
DA:238,0
DA:239,0
DA:240,0
DA:241,0
DA:243,0
DA:250,0
DA:251,0
DA:253,0
DA:254,0
DA:256,0
DA:262,0
DA:268,0
DA:270,0
DA:272,0
DA:273,0
DA:275,0
DA:278,0
DA:280,0
DA:283,0
DA:284,0
LF:116
LH:33
BRDA:36,1,0,0
BRDA:36,1,1,1
BRDA:40,2,0,0
BRDA:40,2,1,1
BRDA:46,3,0,0
BRDA:46,3,1,0
BRDA:137,4,0,0
BRDA:137,4,1,0
BRDA:144,5,0,0
BRDA:144,5,1,0
BRDA:153,6,0,0
BRDA:153,6,1,0
BRDA:253,7,0,0
BRDA:253,7,1,0
BRDA:272,8,0,0
BRDA:272,8,1,0
BRF:16
BRH:2
end_of_record
TN:
SF:C:\Users\Darin-PC\Desktop\TeamProject\Teamwork\server\controllers\publisher-controller.js
FN:4,(anonymous_1)
FN:6,(anonymous_2)
FN:15,(anonymous_3)
FN:28,(anonymous_4)
FN:38,(anonymous_5)
FNF:5
FNH:1
FNDA:11,(anonymous_1)
FNDA:0,(anonymous_2)
FNDA:0,(anonymous_3)
FNDA:0,(anonymous_4)
FNDA:0,(anonymous_5)
DA:1,1
DA:2,1
DA:4,1
DA:5,11
DA:7,0
DA:9,0
DA:16,0
DA:18,0
DA:20,0
DA:21,0
DA:23,0
DA:29,0
DA:32,0
DA:39,0
DA:45,0
DA:47,0
DA:49,0
DA:50,0
DA:52,0
DA:55,0
DA:57,0
DA:60,0
DA:61,0
LF:23
LH:4
BRDA:20,1,0,0
BRDA:20,1,1,0
BRDA:49,2,0,0
BRDA:49,2,1,0
BRF:4
BRH:0
end_of_record
TN:
SF:C:\Users\Darin-PC\Desktop\TeamProject\Teamwork\server\controllers\user-controller.js
FN:3,(anonymous_1)
FN:5,(anonymous_2)
FN:8,(anonymous_3)
FN:11,(anonymous_4)
FN:43,(anonymous_5)
FNF:5
FNH:1
FNDA:11,(anonymous_1)
FNDA:0,(anonymous_2)
FNDA:0,(anonymous_3)
FNDA:0,(anonymous_4)
FNDA:0,(anonymous_5)
DA:1,1
DA:3,1
DA:4,11
DA:6,0
DA:9,0
DA:12,0
DA:13,0
DA:15,0
DA:17,0
DA:19,0
DA:20,0
DA:23,0
DA:31,0
DA:34,0
DA:36,0
DA:39,0
DA:40,0
DA:44,0
DA:45,0
DA:47,0
DA:49,0
DA:51,0
DA:52,0
DA:53,0
DA:54,0
DA:55,0
DA:56,0
DA:60,0
LF:28
LH:3
BRDA:17,1,0,0
BRDA:17,1,1,0
BRDA:19,2,0,0
BRDA:19,2,1,0
BRDA:49,3,0,0
BRDA:49,3,1,0
BRDA:52,4,0,0
BRDA:52,4,1,0
BRF:8
BRH:0
end_of_record
TN:
SF:C:\Users\Darin-PC\Desktop\TeamProject\Teamwork\server\data\data.js
FNF:0
FNH:0
DA:1,0
DA:2,0
DA:3,0
DA:4,0
DA:5,0
DA:7,0
DA:8,0
DA:17,0
LF:8
LH:0
BRF:0
BRH:0
end_of_record
TN:
SF:C:\Users\Darin-PC\Desktop\TeamProject\Teamwork\server\data\destination-data.js
FN:6,(anonymous_1)
FN:10,(anonymous_2)
FNF:2
FNH:0
FNDA:0,(anonymous_1)
FNDA:0,(anonymous_2)
DA:1,0
DA:2,0
DA:3,0
DA:7,0
DA:11,0
DA:13,0
DA:17,0
LF:7
LH:0
BRF:0
BRH:0
end_of_record
TN:
SF:C:\Users\Darin-PC\Desktop\TeamProject\Teamwork\server\data\guide-data.js
FN:6,(anonymous_1)
FN:10,(anonymous_2)
FNF:2
FNH:0
FNDA:0,(anonymous_1)
FNDA:0,(anonymous_2)
DA:1,0
DA:2,0
DA:3,0
DA:7,0
DA:11,0
DA:13,0
DA:17,0
LF:7
LH:0
BRF:0
BRH:0
end_of_record
TN:
SF:C:\Users\Darin-PC\Desktop\TeamProject\Teamwork\server\data\index.js
FNF:0
FNH:0
DA:1,0
LF:1
LH:0
BRF:0
BRH:0
end_of_record
TN:
SF:C:\Users\Darin-PC\Desktop\TeamProject\Teamwork\server\data\publication-data.js
FN:6,(anonymous_1)
FN:10,(anonymous_2)
FN:16,(anonymous_3)
FN:24,(anonymous_4)
FNF:4
FNH:0
FNDA:0,(anonymous_1)
FNDA:0,(anonymous_2)
FNDA:0,(anonymous_3)
FNDA:0,(anonymous_4)
DA:1,0
DA:2,0
DA:3,0
DA:7,0
DA:11,0
DA:13,0
DA:17,0
DA:21,0
DA:25,0
DA:30,0
DA:34,0
LF:11
LH:0
BRF:0
BRH:0
end_of_record
TN:
SF:C:\Users\Darin-PC\Desktop\TeamProject\Teamwork\server\data\publisher-data.js
FN:6,(anonymous_1)
FN:10,(anonymous_2)
FN:16,(anonymous_3)
FNF:3
FNH:0
FNDA:0,(anonymous_1)
FNDA:0,(anonymous_2)
FNDA:0,(anonymous_3)
DA:1,0
DA:2,0
DA:3,0
DA:7,0
DA:11,0
DA:13,0
DA:17,0
DA:23,0
DA:27,0
LF:9
LH:0
BRF:0
BRH:0
end_of_record
TN:
SF:C:\Users\Darin-PC\Desktop\TeamProject\Teamwork\server\data\user-data.js
FN:6,(anonymous_1)
FN:10,(anonymous_2)
FN:18,(anonymous_3)
FNF:3
FNH:0
FNDA:0,(anonymous_1)
FNDA:0,(anonymous_2)
FNDA:0,(anonymous_3)
DA:1,0
DA:2,0
DA:3,0
DA:7,0
DA:11,0
DA:15,0
DA:19,0
DA:23,0
DA:45,0
LF:9
LH:0
BRF:0
BRH:0
end_of_record
TN:
SF:C:\Users\Darin-PC\Desktop\TeamProject\Teamwork\server\data\base\base-data.js
FN:4,(anonymous_1)
FN:12,(anonymous_2)
FN:24,(anonymous_3)
FN:28,(anonymous_4)
FN:39,(anonymous_5)
FN:54,(anonymous_6)
FN:60,(anonymous_7)
FN:64,(anonymous_8)
FN:68,(anonymous_9)
FN:77,(anonymous_10)
FNF:10
FNH:4
FNDA:3,(anonymous_1)
FNDA:2,(anonymous_2)
FNDA:1,(anonymous_3)
FNDA:0,(anonymous_4)
FNDA:0,(anonymous_5)
FNDA:0,(anonymous_6)
FNDA:0,(anonymous_7)
FNDA:0,(anonymous_8)
FNDA:0,(anonymous_9)
FNDA:3,(anonymous_10)
DA:1,1
DA:5,3
DA:6,3
DA:7,3
DA:8,3
DA:9,3
DA:13,2
DA:16,2
DA:17,1
DA:18,4
DA:20,1
DA:25,1
DA:29,0
DA:30,0
DA:33,0
DA:35,0
DA:40,0
DA:42,0
DA:43,0
DA:44,0
DA:46,0
DA:50,0
DA:55,0
DA:61,0
DA:65,0
DA:69,0
DA:71,0
DA:74,0
DA:78,3
DA:82,1
LF:30
LH:14
BRDA:16,1,0,1
BRDA:16,1,1,1
BRDA:29,2,0,0
BRDA:29,2,1,0
BRDA:42,3,0,0
BRDA:42,3,1,0
BRDA:69,4,0,0
BRDA:69,4,1,0
BRDA:69,5,0,0
BRDA:69,5,1,0
BRF:10
BRH:2
end_of_record
TN:
SF:C:\Users\Darin-PC\Desktop\TeamProject\Teamwork\server\db\db.js
FNF:0
FNH:0
DA:1,0
DA:2,0
DA:4,0
DA:5,0
DA:8,0
LF:5
LH:0
BRF:0
BRH:0
end_of_record
TN:
SF:C:\Users\Darin-PC\Desktop\TeamProject\Teamwork\server\db\index.js
FNF:0
FNH:0
DA:1,0
LF:1
LH:0
BRF:0
BRH:0
end_of_record
TN:
SF:C:\Users\Darin-PC\Desktop\TeamProject\Teamwork\server\models\destination-model.js
FN:2,(anonymous_1)
FN:8,(anonymous_2)
FN:19,(anonymous_3)
FNF:3
FNH:0
FNDA:0,(anonymous_1)
FNDA:0,(anonymous_2)
FNDA:0,(anonymous_3)
DA:3,0
DA:9,0
DA:11,0
DA:13,0
DA:16,0
DA:20,0
DA:24,0
LF:7
LH:0
BRDA:3,1,0,0
BRDA:3,1,1,0
BRDA:3,1,2,0
BRF:3
BRH:0
end_of_record
TN:
SF:C:\Users\Darin-PC\Desktop\TeamProject\Teamwork\server\models\guides-model.js
FN:2,(anonymous_1)
FN:8,(anonymous_2)
FN:19,(anonymous_3)
FNF:3
FNH:0
FNDA:0,(anonymous_1)
FNDA:0,(anonymous_2)
FNDA:0,(anonymous_3)
DA:3,0
DA:9,0
DA:11,0
DA:13,0
DA:16,0
DA:20,0
DA:24,0
LF:7
LH:0
BRDA:3,1,0,0
BRDA:3,1,1,0
BRDA:3,1,2,0
BRF:3
BRH:0
end_of_record
TN:
SF:C:\Users\Darin-PC\Desktop\TeamProject\Teamwork\server\models\publication-model.js
FN:19,(anonymous_1)
FN:30,(anonymous_2)
FN:41,(anonymous_3)
FNF:3
FNH:0
FNDA:0,(anonymous_1)
FNDA:0,(anonymous_2)
FNDA:0,(anonymous_3)
DA:20,0
DA:31,0
DA:33,0
DA:35,0
DA:38,0
DA:42,0
DA:46,0
LF:7
LH:0
BRDA:20,1,0,0
BRDA:20,1,1,0
BRDA:20,1,2,0
BRDA:20,1,3,0
BRDA:20,1,4,0
BRDA:20,1,5,0
BRDA:20,1,6,0
BRDA:20,1,7,0
BRF:8
BRH:0
end_of_record
TN:
SF:C:\Users\Darin-PC\Desktop\TeamProject\Teamwork\server\models\publisher-model.js
FN:2,(anonymous_1)
FN:8,(anonymous_2)
FN:19,(anonymous_3)
FNF:3
FNH:0
FNDA:0,(anonymous_1)
FNDA:0,(anonymous_2)
FNDA:0,(anonymous_3)
DA:3,0
DA:9,0
DA:11,0
DA:13,0
DA:16,0
DA:20,0
DA:24,0
LF:7
LH:0
BRDA:3,1,0,0
BRDA:3,1,1,0
BRDA:3,1,2,0
BRF:3
BRH:0
end_of_record
TN:
SF:C:\Users\Darin-PC\Desktop\TeamProject\Teamwork\server\models\user-model.js
FN:2,(anonymous_1)
FN:12,(anonymous_2)
FN:23,(anonymous_3)
FNF:3
FNH:0
FNDA:0,(anonymous_1)
FNDA:0,(anonymous_2)
FNDA:0,(anonymous_3)
DA:3,0
DA:13,0
DA:15,0
DA:17,0
DA:20,0
DA:24,0
DA:28,0
LF:7
LH:0
BRDA:3,1,0,0
BRDA:3,1,1,0
BRDA:3,1,2,0
BRDA:3,1,3,0
BRDA:3,1,4,0
BRDA:3,1,5,0
BRDA:3,1,6,0
BRF:7
BRH:0
end_of_record
TN:
SF:C:\Users\Darin-PC\Desktop\TeamProject\Teamwork\server\routers\auth-routers.js
FN:6,(anonymous_1)
FNF:1
FNH:1
FNDA:11,(anonymous_1)
DA:1,1
DA:2,1
DA:6,1
DA:7,11
DA:8,11
DA:10,11
DA:12,1
DA:23,1
DA:26,1
DA:29,1
DA:30,1
DA:33,11
LF:12
LH:12
BRF:0
BRH:0
end_of_record
TN:
SF:C:\Users\Darin-PC\Desktop\TeamProject\Teamwork\server\routers\chat-routers.js
FN:4,(anonymous_1)
FNF:1
FNH:1
FNDA:11,(anonymous_1)
DA:1,1
DA:2,1
DA:4,1
DA:5,11
DA:6,11
DA:8,11
DA:10,0
DA:12,11
LF:8
LH:7
BRF:0
BRH:0
end_of_record
TN:
SF:C:\Users\Darin-PC\Desktop\TeamProject\Teamwork\server\routers\destination-router.js
FN:3,(anonymous_1)
FNF:1
FNH:1
FNDA:11,(anonymous_1)
DA:1,1
DA:3,1
DA:4,11
DA:5,11
DA:7,11
DA:9,0
DA:12,0
DA:15,0
DA:18,11
LF:9
LH:6
BRF:0
BRH:0
end_of_record
TN:
SF:C:\Users\Darin-PC\Desktop\TeamProject\Teamwork\server\routers\home-routers.js
FN:3,(anonymous_1)
FNF:1
FNH:1
FNDA:11,(anonymous_1)
DA:1,1
DA:3,1
DA:4,11
DA:5,11
DA:7,11
DA:9,1
DA:12,1
DA:15,1
DA:18,0
DA:21,11
LF:10
LH:9
BRF:0
BRH:0
end_of_record
TN:
SF:C:\Users\Darin-PC\Desktop\TeamProject\Teamwork\server\routers\index.js
FNF:0
FNH:0
DA:1,1
LF:1
LH:1
BRF:0
BRH:0
end_of_record
TN:
SF:C:\Users\Darin-PC\Desktop\TeamProject\Teamwork\server\routers\publications-routers.js
FN:6,(anonymous_1)
FNF:1
FNH:1
FNDA:11,(anonymous_1)
DA:3,1
DA:4,1
DA:6,1
DA:7,11
DA:8,11
DA:10,11
DA:12,1
DA:15,0
DA:18,0
DA:21,0
DA:24,1
DA:27,0
DA:30,0
DA:33,0
DA:36,0
DA:39,0
DA:42,11
LF:17
LH:9
BRF:0
BRH:0
end_of_record
TN:
SF:C:\Users\Darin-PC\Desktop\TeamProject\Teamwork\server\routers\publisher-routers.js
FN:4,(anonymous_1)
FNF:1
FNH:1
FNDA:11,(anonymous_1)
DA:1,1
DA:2,1
DA:4,1
DA:5,11
DA:6,11
DA:8,11
DA:10,0
DA:13,0
DA:16,0
DA:19,0
DA:22,11
LF:11
LH:7
BRF:0
BRH:0
end_of_record
TN:
SF:C:\Users\Darin-PC\Desktop\TeamProject\Teamwork\server\routers\routers.js
FNF:0
FNH:0
DA:3,1
DA:4,1
DA:6,1
DA:7,11
DA:8,99
DA:10,77
DA:11,77
DA:15,1
LF:8
LH:8
BRF:0
BRH:0
end_of_record
TN:
SF:C:\Users\Darin-PC\Desktop\TeamProject\Teamwork\server\routers\user-routers.js
FN:4,(anonymous_1)
FNF:1
FNH:1
FNDA:11,(anonymous_1)
DA:1,1
DA:2,1
DA:4,1
DA:5,11
DA:6,11
DA:8,11
DA:10,0
DA:13,0
DA:16,0
DA:19,0
DA:22,11
LF:11
LH:7
BRF:0
BRH:0
end_of_record
TN:
SF:C:\Users\Darin-PC\Desktop\TeamProject\Teamwork\server.js
FN:28,(anonymous_1)
FN:34,(anonymous_2)
FN:45,(anonymous_3)
FNF:3
FNH:0
FNDA:0,(anonymous_1)
FNDA:0,(anonymous_2)
FNDA:0,(anonymous_3)
DA:3,0
DA:4,0
DA:7,0
DA:8,0
DA:10,0
DA:13,0
DA:14,0
DA:15,0
DA:16,0
DA:18,0
DA:19,0
DA:23,0
DA:24,0
DA:25,0
DA:28,0
DA:30,0
DA:34,0
DA:35,0
DA:38,0
DA:39,0
DA:43,0
DA:45,0
DA:46,0
DA:47,0
DA:51,0
DA:56,0
LF:26
LH:0
BRF:0
BRH:0
end_of_record
